[35m[HTTP][39m [37m-->[39m [37mGET[39m [37m/wd/hub/session/85000215-4208-43da-a6e3-02534bfaec1f/timeouts[39m
[35m[HTTP][39m [90m{}[39m
[debug] [35m[HTTP][39m No route found for /wd/hub/session/85000215-4208-43da-a6e3-02534bfaec1f/timeouts
[35m[HTTP][39m [37m<-- GET /wd/hub/session/85000215-4208-43da-a6e3-02534bfaec1f/timeouts [39m[33m404[39m [90m15 ms - 262[39m
[35m[HTTP][39m [90m[39m
[35m[HTTP][39m [37m-->[39m [37mGET[39m [37m/wd/hub/session/85000215-4208-43da-a6e3-02534bfaec1f/timeouts[39m
[35m[HTTP][39m [90m{}[39m
[debug] [35m[HTTP][39m No route found for /wd/hub/session/85000215-4208-43da-a6e3-02534bfaec1f/timeouts
[35m[HTTP][39m [37m<-- GET /wd/hub/session/85000215-4208-43da-a6e3-02534bfaec1f/timeouts [39m[33m404[39m [90m15 ms - 262[39m
[35m[HTTP][39m [90m[39m
[35m[HTTP][39m [37m-->[39m [37mPOST[39m [37m/session[39m
[35m[HTTP][39m [90m{"capabilities":{"alwaysMatch":{"appium:platformName":"Android","appium:platformVersion":"11.0","appium:deviceName":"nexus5x","appium:orientation":"PORTRAIT","appium:automationName":"UiAutomator2","appium:newCommandTimeout":240,"appium:app":"C:\\Users\\mekan\\Documents\\GitHub\\mobile-testing1\\apps\\Android-NativeDemoApp-0.4.0.apk","appium:noReset":true,"appium:appWaitActivity":"*"},"firstMatch":[{}]},"desiredCapabilities":{"appium:platformName":"Android","appium:platformVersion":"11.0","appium:deviceName":"nexus5x","appium:orientation":"PORTRAIT","appium:automationName":"UiAutomator2","appium:newCommandTimeout":240,"appium:app":"C:\\Users\\mekan\\Documents\\GitHub\\mobile-testing1\\apps\\Android-NativeDemoApp-0.4.0.apk","appium:noReset":true,"appium:appWaitActivity":"*"}}[39m
[debug] [35m[W3C][39m Calling AppiumDriver.createSession() with args: [{"appium:platformName":"Android","appium:platformVersion":"11.0","appium:deviceName":"nexus5x","appium:orientation":"PORTRAIT","appium:automationName":"UiAutomator2","appium:newCommandTimeout":240,"appium:app":"C:\\Users\\mekan\\Documents\\GitHub\\mobile-testing1\\apps\\Android-NativeDemoApp-0.4.0.apk","appium:noReset":true,"appium:appWaitActivity":"*"},null,{"alwaysMatch":{"appium:platformName":"Android","appium:platformVersion":"11.0","appium:deviceName":"nexus5x","appium:orientation":"PORTRAIT","appium:automationName":"UiAutomator2","appium:newCommandTimeout":240,"appium:app":"C:\\Users\\mekan\\Documents\\GitHub\\mobile-testing1\\apps\\Android-NativeDemoApp-0.4.0.apk","appium:noReset":true,"appium:appWaitActivity":"*"},"firstMatch":[{}]}]
[debug] [35m[BaseDriver][39m Event 'newSessionRequested' logged at 1642716649080 (16:10:49 GMT-0600 (Central Standard Time))
[35m[BaseDriver][39m The capabilities ["platformName"] are standard capabilities and do not require "appium:" prefix
[35m[Appium][39m Appium v1.22.2 creating new AndroidUiautomator2Driver (v1.70.1) session
[35m[Appium][39m Applying relaxed security to 'AndroidUiautomator2Driver' as per server command line argument. All insecure features will be enabled unless explicitly disabled by --deny-insecure
[debug] [35m[BaseDriver][39m W3C capabilities and MJSONWP desired capabilities were provided
[debug] [35m[BaseDriver][39m Creating session with W3C capabilities: {
[debug] [35m[BaseDriver][39m   "alwaysMatch": {
[debug] [35m[BaseDriver][39m     "platformName": "Android",
[debug] [35m[BaseDriver][39m     "appium:platformVersion": "11.0",
[debug] [35m[BaseDriver][39m     "appium:deviceName": "nexus5x",
[debug] [35m[BaseDriver][39m     "appium:orientation": "PORTRAIT",
[debug] [35m[BaseDriver][39m     "appium:automationName": "UiAutomator2",
[debug] [35m[BaseDriver][39m     "appium:newCommandTimeout": 240,
[debug] [35m[BaseDriver][39m     "appium:app": "C:\\Users\\mekan\\Documents\\GitHub\\mobile-testing1\\apps\\Android-NativeDemoApp-0.4.0.apk",
[debug] [35m[BaseDriver][39m     "appium:noReset": true,
[debug] [35m[BaseDriver][39m     "appium:appWaitActivity": "*"
[debug] [35m[BaseDriver][39m   },
[debug] [35m[BaseDriver][39m   "firstMatch": [
[debug] [35m[BaseDriver][39m     {}
[debug] [35m[BaseDriver][39m   ]
[debug] [35m[BaseDriver][39m }
[35m[BaseDriver][39m Session created with session id: af9e0d14-e2a5-4157-9f85-ebc75472fe43
[35m[BaseDriver][39m Using local app 'C:\Users\mekan\Documents\GitHub\mobile-testing1\apps\Android-NativeDemoApp-0.4.0.apk'
[debug] [35m[UiAutomator2][39m Checking whether app is actually present
[35m[ADB][39m Found 2 'build-tools' folders under 'c:\Users\mekan\AppData\Local\Android\Sdk\' (newest first):
[35m[ADB][39m     c:/Users/mekan/AppData/Local/Android/Sdk/build-tools/31.0.0
[35m[ADB][39m     c:/Users/mekan/AppData/Local/Android/Sdk/build-tools/30.0.2
[35m[ADB][39m Using 'adb.exe' from 'c:\Users\mekan\AppData\Local\Android\Sdk\platform-tools\adb.exe'
[debug] [35m[ADB][39m Running 'c:\Users\mekan\AppData\Local\Android\Sdk\platform-tools\adb.exe -P 5037 start-server'
[35m[AndroidDriver][39m Retrieving device list
[debug] [35m[ADB][39m Trying to find a connected android device
[debug] [35m[ADB][39m Getting connected devices
[debug] [35m[ADB][39m Connected devices: [{"udid":"emulator-5554","state":"device"}]
[35m[AndroidDriver][39m Looking for a device with Android '11.0.0'
[debug] [35m[ADB][39m Setting device id to emulator-5554
[35m[ADB][39m Getting device platform version
[debug] [35m[ADB][39m Running 'c:\Users\mekan\AppData\Local\Android\Sdk\platform-tools\adb.exe -P 5037 -s emulator-5554 shell getprop ro.build.version.release'
[debug] [35m[ADB][39m Current device property 'ro.build.version.release': 11
[35m[AndroidDriver][39m Using device: emulator-5554
[35m[ADB][39m Using 'adb.exe' from 'c:\Users\mekan\AppData\Local\Android\Sdk\platform-tools\adb.exe'
[debug] [35m[ADB][39m Running 'c:\Users\mekan\AppData\Local\Android\Sdk\platform-tools\adb.exe -P 5037 start-server'
[debug] [35m[ADB][39m Setting device id to emulator-5554
[debug] [35m[ADB][39m Running 'c:\Users\mekan\AppData\Local\Android\Sdk\platform-tools\adb.exe -P 5037 -s emulator-5554 shell getprop ro.build.version.sdk'
[debug] [35m[ADB][39m Current device property 'ro.build.version.sdk': 30
[35m[ADB][39m Getting device platform version
[debug] [35m[ADB][39m Running 'c:\Users\mekan\AppData\Local\Android\Sdk\platform-tools\adb.exe -P 5037 -s emulator-5554 shell getprop ro.build.version.release'
[debug] [35m[ADB][39m Current device property 'ro.build.version.release': 11
[debug] [35m[ADB][39m Device API level: 30
[35m[UiAutomator2][39m Relaxing hidden api policy
[debug] [35m[ADB][39m Running 'c:\Users\mekan\AppData\Local\Android\Sdk\platform-tools\adb.exe -P 5037 -s emulator-5554 shell 'settings put global hidden_api_policy_pre_p_apps 1;settings put global hidden_api_policy_p_apps 1;settings put global hidden_api_policy 1''
[debug] [35m[AndroidDriver][39m Parsing package and activity from app manifest
[35m[ADB][39m Package name: 'com.wdiodemoapp'
[35m[ADB][39m Main activity name: 'com.wdiodemoapp.SplashActivity'
[debug] [35m[AndroidDriver][39m Parsed package and activity are: com.wdiodemoapp/com.wdiodemoapp.SplashActivity
[debug] [35m[ADB][39m Running 'c:\Users\mekan\AppData\Local\Android\Sdk\platform-tools\adb.exe -P 5037 -s emulator-5554 wait-for-device'
[debug] [35m[ADB][39m Running 'c:\Users\mekan\AppData\Local\Android\Sdk\platform-tools\adb.exe -P 5037 -s emulator-5554 shell echo ping'
[debug] [35m[AndroidDriver][39m Pushing settings apk to device...
[debug] [35m[ADB][39m Getting install status for io.appium.settings
[debug] [35m[ADB][39m Running 'c:\Users\mekan\AppData\Local\Android\Sdk\platform-tools\adb.exe -P 5037 -s emulator-5554 shell dumpsys package io.appium.settings'
[debug] [35m[ADB][39m 'io.appium.settings' is installed
[debug] [35m[ADB][39m Getting package info for 'io.appium.settings'
[debug] [35m[ADB][39m Running 'c:\Users\mekan\AppData\Local\Android\Sdk\platform-tools\adb.exe -P 5037 -s emulator-5554 shell dumpsys package io.appium.settings'
[debug] [35m[ADB][39m The version name of the installed 'io.appium.settings' is greater or equal to the application version name ('3.4.0' >= '3.4.0')
[debug] [35m[ADB][39m There is no need to install/upgrade 'C:\Users\mekan\Documents\GitHub\mobile-testing1\node_modules\appium\node_modules\io.appium.settings\apks\settings_apk-debug.apk'
[debug] [35m[ADB][39m Getting IDs of all 'io.appium.settings' processes
[debug] [35m[ADB][39m Running 'c:\Users\mekan\AppData\Local\Android\Sdk\platform-tools\adb.exe -P 5037 -s emulator-5554 shell 'pgrep --help; echo $?''
[debug] [35m[ADB][39m Running 'c:\Users\mekan\AppData\Local\Android\Sdk\platform-tools\adb.exe -P 5037 -s emulator-5554 shell pgrep -f \(\[\[:blank:\]\]\|\^\)io\.appium\.settings\(\[\[:blank:\]\]\|\$\)'
[debug] [35m[AndroidDriver][39m io.appium.settings is already running. There is no need to reset its permissions.
[debug] [35m[Logcat][39m Starting logs capture with command: c:\\Users\\mekan\\AppData\\Local\\Android\\Sdk\\platform-tools\\adb.exe -P 5037 -s emulator-5554 logcat -v threadtime
[debug] [35m[UiAutomator2][39m Forwarding UiAutomator2 Server port 6790 to local port 8201
[debug] [35m[ADB][39m Forwarding system: 8201 to device: 6790
[debug] [35m[ADB][39m Running 'c:\Users\mekan\AppData\Local\Android\Sdk\platform-tools\adb.exe -P 5037 -s emulator-5554 forward tcp:8201 tcp:6790'
[debug] [35m[ADB][39m Getting install status for io.appium.uiautomator2.server
[debug] [35m[ADB][39m Running 'c:\Users\mekan\AppData\Local\Android\Sdk\platform-tools\adb.exe -P 5037 -s emulator-5554 shell dumpsys package io.appium.uiautomator2.server'
[debug] [35m[ADB][39m 'io.appium.uiautomator2.server' is installed
[debug] [35m[ADB][39m Getting package info for 'io.appium.uiautomator2.server'
[debug] [35m[ADB][39m Running 'c:\Users\mekan\AppData\Local\Android\Sdk\platform-tools\adb.exe -P 5037 -s emulator-5554 shell dumpsys package io.appium.uiautomator2.server'
[debug] [35m[ADB][39m The installed 'io.appium.uiautomator2.server' package is older than 'C:\Users\mekan\Documents\GitHub\mobile-testing1\node_modules\appium\node_modules\appium-uiautomator2-server\apks\appium-uiautomator2-server-v4.27.0.apk' (84 < 95 or '4.21.1' < '4.27.0')'
[debug] [35m[UiAutomator2][39m io.appium.uiautomator2.server installation state: olderVersionInstalled
[debug] [35m[ADB][39m Checking app cert for C:\Users\mekan\Documents\GitHub\mobile-testing1\node_modules\appium\node_modules\appium-uiautomator2-server\apks\appium-uiautomator2-server-v4.27.0.apk
[35m[ADB][39m Using 'apksigner.jar' from 'c:\Users\mekan\AppData\Local\Android\Sdk\build-tools\31.0.0\lib\apksigner.jar'
[debug] [35m[ADB][39m Starting apksigner: 'C:\\Program Files\\Java\\jre1.8.0_311\\bin\\java.exe' -Xmx1024M -Xss1m -jar c:\\Users\\mekan\\AppData\\Local\\Android\\Sdk\\build-tools\\31.0.0\\lib\\apksigner.jar verify --print-certs C:\\Users\\mekan\\Documents\\GitHub\\mobile-testing1\\node_modules\\appium\\node_modules\\appium-uiautomator2-server\\apks\\appium-uiautomator2-server-v4.27.0.apk
[debug] [35m[ADB][39m apksigner stdout: Signer #1 certificate DN: EMAILADDRESS=android@android.com, CN=Android, OU=Android, O=Android, L=Mountain View, ST=California, C=US
[debug] [35m[ADB][39m Signer #1 certificate SHA-256 digest: a40da80a59d170caa950cf15c18c454d47a39b26989d8b640ecd745ba71bf5dc
[debug] [35m[ADB][39m Signer #1 certificate SHA-1 digest: 61ed377e85d386a8dfee6b864bd85b0bfaa5af81
[debug] [35m[ADB][39m Signer #1 certificate MD5 digest: e89b158e4bcf988ebd09eb83f5378e87
[debug] [35m[ADB][39m 
[debug] [35m[ADB][39m sha256 hash did match for 'appium-uiautomator2-server-v4.27.0.apk'
[35m[ADB][39m 'C:\Users\mekan\Documents\GitHub\mobile-testing1\node_modules\appium\node_modules\appium-uiautomator2-server\apks\appium-uiautomator2-server-v4.27.0.apk' is signed with the default certificate
[debug] [35m[ADB][39m Getting install status for io.appium.uiautomator2.server.test
[debug] [35m[ADB][39m Running 'c:\Users\mekan\AppData\Local\Android\Sdk\platform-tools\adb.exe -P 5037 -s emulator-5554 shell dumpsys package io.appium.uiautomator2.server.test'
[debug] [35m[ADB][39m 'io.appium.uiautomator2.server.test' is installed
[debug] [35m[ADB][39m Checking app cert for C:\Users\mekan\Documents\GitHub\mobile-testing1\node_modules\appium\node_modules\appium-uiautomator2-server\apks\appium-uiautomator2-server-debug-androidTest.apk
[debug] [35m[ADB][39m Starting apksigner: 'C:\\Program Files\\Java\\jre1.8.0_311\\bin\\java.exe' -Xmx1024M -Xss1m -jar c:\\Users\\mekan\\AppData\\Local\\Android\\Sdk\\build-tools\\31.0.0\\lib\\apksigner.jar verify --print-certs C:\\Users\\mekan\\Documents\\GitHub\\mobile-testing1\\node_modules\\appium\\node_modules\\appium-uiautomator2-server\\apks\\appium-uiautomator2-server-debug-androidTest.apk
[35m[HTTP][39m [37m-->[39m [37mGET[39m [37m/wd/hub/session/85000215-4208-43da-a6e3-02534bfaec1f/timeouts[39m
[35m[HTTP][39m [90m{}[39m
[debug] [35m[HTTP][39m No route found for /wd/hub/session/85000215-4208-43da-a6e3-02534bfaec1f/timeouts
[35m[HTTP][39m [37m<-- GET /wd/hub/session/85000215-4208-43da-a6e3-02534bfaec1f/timeouts [39m[33m404[39m [90m1 ms - 262[39m
[35m[HTTP][39m [90m[39m
[debug] [35m[ADB][39m apksigner stdout: Signer #1 certificate DN: EMAILADDRESS=android@android.com, CN=Android, OU=Android, O=Android, L=Mountain View, ST=California, C=US
[debug] [35m[ADB][39m Signer #1 certificate SHA-256 digest: a40da80a59d170caa950cf15c18c454d47a39b26989d8b640ecd745ba71bf5dc
[debug] [35m[ADB][39m Signer #1 certificate SHA-1 digest: 61ed377e85d386a8dfee6b864bd85b0bfaa5af81
[debug] [35m[ADB][39m Signer #1 certificate MD5 digest: e89b158e4bcf988ebd09eb83f5378e87
[debug] [35m[ADB][39m 
[debug] [35m[ADB][39m sha256 hash did match for 'appium-uiautomator2-server-debug-androidTest.apk'
[35m[ADB][39m 'C:\Users\mekan\Documents\GitHub\mobile-testing1\node_modules\appium\node_modules\appium-uiautomator2-server\apks\appium-uiautomator2-server-debug-androidTest.apk' is signed with the default certificate
[35m[UiAutomator2][39m Server packages are going to be (re)installed
[35m[UiAutomator2][39m Full packages reinstall is going to be performed
[debug] [35m[ADB][39m Uninstalling io.appium.uiautomator2.server
[debug] [35m[ADB][39m Getting install status for io.appium.uiautomator2.server
[debug] [35m[ADB][39m Running 'c:\Users\mekan\AppData\Local\Android\Sdk\platform-tools\adb.exe -P 5037 -s emulator-5554 shell dumpsys package io.appium.uiautomator2.server'
[debug] [35m[ADB][39m 'io.appium.uiautomator2.server' is installed
[debug] [35m[ADB][39m Running 'c:\Users\mekan\AppData\Local\Android\Sdk\platform-tools\adb.exe -P 5037 -s emulator-5554 shell am force-stop io.appium.uiautomator2.server'
[debug] [35m[ADB][39m Running 'c:\Users\mekan\AppData\Local\Android\Sdk\platform-tools\adb.exe -P 5037 -s emulator-5554 uninstall io.appium.uiautomator2.server'
[debug] [35m[ADB][39m 'adb uninstall io.appium.uiautomator2.server' command output: Success
[35m[ADB][39m io.appium.uiautomator2.server was successfully uninstalled
[debug] [35m[ADB][39m Running 'c:\Users\mekan\AppData\Local\Android\Sdk\platform-tools\adb.exe -P 5037 -s emulator-5554 version'
[debug] [35m[ADB][39m Running 'c:\Users\mekan\AppData\Local\Android\Sdk\platform-tools\adb.exe -P 5037 -s emulator-5554 features'
[debug] [35m[ADB][39m Running 'c:\Users\mekan\AppData\Local\Android\Sdk\platform-tools\adb.exe -P 5037 -s emulator-5554 help'
[35m[ADB][39m The application at 'C:\Users\mekan\Documents\GitHub\mobile-testing1\node_modules\appium\node_modules\appium-uiautomator2-server\apks\appium-uiautomator2-server-v4.27.0.apk' will not be cached, because the device under test has confirmed the support of streamed installs
[debug] [35m[ADB][39m Running 'c:\Users\mekan\AppData\Local\Android\Sdk\platform-tools\adb.exe -P 5037 -s emulator-5554 install -r --no-incremental C:\Users\mekan\Documents\GitHub\mobile-testing1\node_modules\appium\node_modules\appium-uiautomator2-server\apks\appium-uiautomator2-server-v4.27.0.apk'
[35m[ADB][39m The installation of 'appium-uiautomator2-server-v4.27.0.apk' took 669ms
[debug] [35m[ADB][39m Install command stdout: Performing Streamed Install
[debug] [35m[ADB][39m Success
[debug] [35m[ADB][39m Uninstalling io.appium.uiautomator2.server.test
[debug] [35m[ADB][39m Getting install status for io.appium.uiautomator2.server.test
[debug] [35m[ADB][39m Running 'c:\Users\mekan\AppData\Local\Android\Sdk\platform-tools\adb.exe -P 5037 -s emulator-5554 shell dumpsys package io.appium.uiautomator2.server.test'
[debug] [35m[ADB][39m 'io.appium.uiautomator2.server.test' is installed
[debug] [35m[ADB][39m Running 'c:\Users\mekan\AppData\Local\Android\Sdk\platform-tools\adb.exe -P 5037 -s emulator-5554 shell am force-stop io.appium.uiautomator2.server.test'
[debug] [35m[ADB][39m Running 'c:\Users\mekan\AppData\Local\Android\Sdk\platform-tools\adb.exe -P 5037 -s emulator-5554 uninstall io.appium.uiautomator2.server.test'
[debug] [35m[ADB][39m 'adb uninstall io.appium.uiautomator2.server.test' command output: Success
[35m[ADB][39m io.appium.uiautomator2.server.test was successfully uninstalled
[35m[ADB][39m The application at 'C:\Users\mekan\Documents\GitHub\mobile-testing1\node_modules\appium\node_modules\appium-uiautomator2-server\apks\appium-uiautomator2-server-debug-androidTest.apk' will not be cached, because the device under test has confirmed the support of streamed installs
[debug] [35m[ADB][39m Running 'c:\Users\mekan\AppData\Local\Android\Sdk\platform-tools\adb.exe -P 5037 -s emulator-5554 install -r --no-incremental C:\Users\mekan\Documents\GitHub\mobile-testing1\node_modules\appium\node_modules\appium-uiautomator2-server\apks\appium-uiautomator2-server-debug-androidTest.apk'
[35m[ADB][39m The installation of 'appium-uiautomator2-server-debug-androidTest.apk' took 543ms
[debug] [35m[ADB][39m Install command stdout: Performing Streamed Install
[debug] [35m[ADB][39m Success
[debug] [35m[UiAutomator2][39m Waiting up to 30000ms for services to be available
[debug] [35m[ADB][39m Running 'c:\Users\mekan\AppData\Local\Android\Sdk\platform-tools\adb.exe -P 5037 -s emulator-5554 shell pm list instrumentation'
[debug] [35m[UiAutomator2][39m Instrumentation target 'io.appium.uiautomator2.server.test/androidx.test.runner.AndroidJUnitRunner' is available
[35m[ADB][39m Adding packages ["io.appium.settings","io.appium.uiautomator2.server","io.appium.uiautomator2.server.test"] to Doze whitelist
[debug] [35m[ADB][39m Got the following command chunks to execute: [["dumpsys","deviceidle","whitelist","+io.appium.settings",";","dumpsys","deviceidle","whitelist","+io.appium.uiautomator2.server",";","dumpsys","deviceidle","whitelist","+io.appium.uiautomator2.server.test",";"]]
[debug] [35m[ADB][39m Running 'c:\Users\mekan\AppData\Local\Android\Sdk\platform-tools\adb.exe -P 5037 -s emulator-5554 shell dumpsys deviceidle whitelist +io.appium.settings ; dumpsys deviceidle whitelist +io.appium.uiautomator2.server ; dumpsys deviceidle whitelist +io.appium.uiautomator2.server.test ;'
[debug] [35m[ADB][39m Checking app cert for C:\Users\mekan\Documents\GitHub\mobile-testing1\apps\Android-NativeDemoApp-0.4.0.apk
[debug] [35m[ADB][39m Starting apksigner: 'C:\\Program Files\\Java\\jre1.8.0_311\\bin\\java.exe' -Xmx1024M -Xss1m -jar c:\\Users\\mekan\\AppData\\Local\\Android\\Sdk\\build-tools\\31.0.0\\lib\\apksigner.jar verify --print-certs C:\\Users\\mekan\\Documents\\GitHub\\mobile-testing1\\apps\\Android-NativeDemoApp-0.4.0.apk
[35m[HTTP][39m [37m-->[39m [37mGET[39m [37m/wd/hub/session/85000215-4208-43da-a6e3-02534bfaec1f/timeouts[39m
[35m[HTTP][39m [90m{}[39m
[debug] [35m[HTTP][39m No route found for /wd/hub/session/85000215-4208-43da-a6e3-02534bfaec1f/timeouts
[35m[HTTP][39m [37m<-- GET /wd/hub/session/85000215-4208-43da-a6e3-02534bfaec1f/timeouts [39m[33m404[39m [90m1 ms - 262[39m
[35m[HTTP][39m [90m[39m
[debug] [35m[ADB][39m apksigner stdout: Signer #1 certificate DN: CN=WebdriverIO, OU=WebdriverIO, O=WebdriverIO, L=Berlin, ST=Brandenburg, C=GE
[debug] [35m[ADB][39m Signer #1 certificate SHA-256 digest: 71df6be97c50600d2a3ab7d69474b188e7b4f57de740e40053120e845bc620f0
[debug] [35m[ADB][39m Signer #1 certificate SHA-1 digest: 21c2f833d61742c16149a98c3802f2f82f6cb059
[debug] [35m[ADB][39m Signer #1 certificate MD5 digest: f70cf1963e27f72ff92ecad01c2932c6
[debug] [35m[ADB][39m 
[35m[ADB][39m 'C:\Users\mekan\Documents\GitHub\mobile-testing1\apps\Android-NativeDemoApp-0.4.0.apk' is signed with a non-default certificate
[debug] [35m[ADB][39m Getting install status for com.wdiodemoapp
[debug] [35m[ADB][39m Running 'c:\Users\mekan\AppData\Local\Android\Sdk\platform-tools\adb.exe -P 5037 -s emulator-5554 shell dumpsys package com.wdiodemoapp'
[debug] [35m[ADB][39m 'com.wdiodemoapp' is installed
[debug] [35m[ADB][39m Getting package info for 'com.wdiodemoapp'
[debug] [35m[ADB][39m Running 'c:\Users\mekan\AppData\Local\Android\Sdk\platform-tools\adb.exe -P 5037 -s emulator-5554 shell dumpsys package com.wdiodemoapp'
[debug] [35m[ADB][39m The version name of the installed 'com.wdiodemoapp' is greater or equal to the application version name ('0.4.0' >= '0.4.0')
[debug] [35m[ADB][39m There is no need to install/upgrade 'C:\Users\mekan\Documents\GitHub\mobile-testing1\apps\Android-NativeDemoApp-0.4.0.apk'
[debug] [35m[UiAutomator2][39m Performing shallow cleanup of automation leftovers
[debug] [35m[UiAutomator2][39m No obsolete sessions have been detected (socket hang up)
[debug] [35m[ADB][39m Running 'c:\Users\mekan\AppData\Local\Android\Sdk\platform-tools\adb.exe -P 5037 -s emulator-5554 shell am force-stop io.appium.uiautomator2.server.test'
[35m[UiAutomator2][39m Starting UIAutomator2 server 4.27.0
[35m[UiAutomator2][39m Using UIAutomator2 server from 'C:\Users\mekan\Documents\GitHub\mobile-testing1\node_modules\appium\node_modules\appium-uiautomator2-server\apks\appium-uiautomator2-server-v4.27.0.apk' and test from 'C:\Users\mekan\Documents\GitHub\mobile-testing1\node_modules\appium\node_modules\appium-uiautomator2-server\apks\appium-uiautomator2-server-debug-androidTest.apk'
[35m[UiAutomator2][39m Waiting up to 30000ms for UiAutomator2 to be online...
[debug] [35m[ADB][39m Creating ADB subprocess with args: ["-P",5037,"-s","emulator-5554","shell","am","instrument","-w","-e","disableAnalytics",true,"io.appium.uiautomator2.server.test/androidx.test.runner.AndroidJUnitRunner"]
[debug] [35m[WD Proxy][39m Matched '/status' to command name 'getStatus'
[debug] [35m[WD Proxy][39m Proxying [GET /status] to [GET http://127.0.0.1:8201/wd/hub/status] with no body
[35m[WD Proxy][39m socket hang up
[debug] [35m[WD Proxy][39m Matched '/status' to command name 'getStatus'
[debug] [35m[WD Proxy][39m Proxying [GET /status] to [GET http://127.0.0.1:8201/wd/hub/status] with no body
[35m[WD Proxy][39m socket hang up
[debug] [35m[Instrumentation][39m io.appium.uiautomator2.server.test.AppiumUiAutomator2Server:
[debug] [35m[WD Proxy][39m Matched '/status' to command name 'getStatus'
[debug] [35m[WD Proxy][39m Proxying [GET /status] to [GET http://127.0.0.1:8201/wd/hub/status] with no body
[35m[WD Proxy][39m socket hang up
[35m[HTTP][39m [37m-->[39m [37mGET[39m [37m/wd/hub/session/85000215-4208-43da-a6e3-02534bfaec1f/timeouts[39m
[35m[HTTP][39m [90m{}[39m
[debug] [35m[HTTP][39m No route found for /wd/hub/session/85000215-4208-43da-a6e3-02534bfaec1f/timeouts
[35m[HTTP][39m [37m<-- GET /wd/hub/session/85000215-4208-43da-a6e3-02534bfaec1f/timeouts [39m[33m404[39m [90m1 ms - 262[39m
[35m[HTTP][39m [90m[39m
[debug] [35m[WD Proxy][39m Matched '/status' to command name 'getStatus'
[debug] [35m[WD Proxy][39m Proxying [GET /status] to [GET http://127.0.0.1:8201/wd/hub/status] with no body
[debug] [35m[WD Proxy][39m Got response with status 200: {"sessionId":"None","value":{"message":"UiAutomator2 Server is ready to accept commands","ready":true}}
[debug] [35m[UiAutomator2][39m The initialization of the instrumentation process took 3209ms
[debug] [35m[WD Proxy][39m Matched '/session' to command name 'createSession'
[debug] [35m[WD Proxy][39m Proxying [POST /session] to [POST http://127.0.0.1:8201/wd/hub/session] with body: {"capabilities":{"firstMatch":[{"platform":"LINUX","webStorageEnabled":false,"takesScreenshot":true,"javascriptEnabled":true,"databaseEnabled":false,"networkConnectionEnabled":true,"locationContextEnabled":false,"warnings":{},"desired":{"platformName":"Android","platformVersion":"11.0","deviceName":"nexus5x","orientation":"PORTRAIT","automationName":"UiAutomator2","newCommandTimeout":240,"app":"C:\\Users\\mekan\\Documents\\GitHub\\mobile-testing1\\apps\\Android-NativeDemoApp-0.4.0.apk","noReset":true,"appWaitActivity":"*"},"platformName":"Android","platformVersion":"11.0","deviceName":"emulator-5554","orientation":"PORTRAIT","automationName":"UiAutomator2","newCommandTimeout":240,"app":"C:\\Users\\mekan\\Documents\\GitHub\\mobile-testing1\\apps\\Android-NativeDemoApp-0.4.0.apk","noReset":true,"appWaitActivity":"*","deviceUDID":"emulator-5554","appPackage":"com.wdiodemoapp"}],"alwaysMatch":{}}}
[debug] [35m[WD Proxy][39m Got response with status 200: {"sessionId":"409377ba-23ee-4f82-ba0d-dfdb412ea966","value":{"capabilities":{"firstMatch":[{"platform":"LINUX","webStorageEnabled":false,"takesScreenshot":true,"javascriptEnabled":true,"databaseEnabled":false,"networkConnectionEnabled":true,"locationContextEnabled":false,"warnings":{},"desired":{"platformName":"Android","platformVersion":"11.0","deviceName":"nexus5x","orientation":"PORTRAIT","automationName":"UiAutomator2","newCommandTimeout":240,"app":"C:\\Users\\mekan\\Documents\\GitHub\\mobile-testing1\\apps\\Android-NativeDemoApp-0.4.0.apk","noReset":true,"appWaitActivity":"*"},"platformName":"Android","platformVersion":"11.0","deviceName":"emulator-5554","orientation":"PORTRAIT","automationName":"UiAutomator2","newCommandTimeout":240,"app":"C:\\Users\\mekan\\Documents\\GitHub\\mobile-testing1\\apps\\Android-NativeDemoApp-0.4.0.apk","noReset":true,"appWaitActivity":"*","deviceUDID":"emulator-5554","appPackage":"com.wdiodemoapp"}],"alwaysMatch":{}},"sessionId":"409377ba-23ee-4f82-ba0d-dfdb412ea966"}}
[35m[WD Proxy][39m Determined the downstream protocol as 'W3C'
[debug] [35m[WD Proxy][39m Proxying [GET /appium/device/info] to [GET http://127.0.0.1:8201/wd/hub/session/409377ba-23ee-4f82-ba0d-dfdb412ea966/appium/device/info] with no body
[debug] [35m[WD Proxy][39m Got response with status 200: {"sessionId":"409377ba-23ee-4f82-ba0d-dfdb412ea966","value":{"androidId":"f692d05ddfc0b935","apiVersion":"30","bluetooth":{"state":"ON"},"brand":"google","carrierName":"Android","displayDensity":420,"locale":"en_US","manufacturer":"Google","model":"sdk_gphone_x86","networks":[{"capabilities":{"SSID":null,"linkDownBandwidthKbps":4125,"linkUpstreamBandwidthKbps":8490,"networkCapabilities":"NET_CAPABILITY_NOT_METERED,NET_CAPABILITY_INTERNET,NET_CAPABILITY_NOT_RESTRICTED,NET_CAPABILITY_TRUSTED,NET_CAPABILITY_NOT_VPN,NET_CAPABILITY_VALIDATED,NET_CAPABILITY_NOT_ROAMING,NET_CAPABILITY_FOREGROUND,NET_CAPABILITY_NOT_CONGESTED,NET_CAPABILITY_NOT_SUSPENDED","signalStrength":-30,"transportTypes":"TRANSPORT_WIFI"},"detailedState":"CONNECTED","extraInfo":"","isAvailable":true,"isConnected":true,"isFailover":false,"isRoaming":false,"state":"CONNECTED","subtype":0,"subtypeName":"","type":1,"typeName":"WIFI"},{"capabilities":{"SSID":null,"linkDownBandwidthKbps":30000,"linkUpstreamBandwidthKbps":15000,"networkCapabilities":...
[debug] [35m[ADB][39m Running 'c:\Users\mekan\AppData\Local\Android\Sdk\platform-tools\adb.exe -P 5037 -s emulator-5554 shell dumpsys window'
[35m[AndroidDriver][39m Screen already unlocked, doing nothing
[35m[UiAutomator2][39m Starting 'com.wdiodemoapp/com.wdiodemoapp.SplashActivity and waiting for 'com.wdiodemoapp/*'
[debug] [35m[ADB][39m Running 'c:\Users\mekan\AppData\Local\Android\Sdk\platform-tools\adb.exe -P 5037 -s emulator-5554 shell am start -W -n com.wdiodemoapp/com.wdiodemoapp.SplashActivity -S -a android.intent.action.MAIN -c android.intent.category.LAUNCHER -f 0x10200000'
[debug] [35m[ADB][39m Waiting up to 20000ms for activity matching pkg: 'com.wdiodemoapp' and activity: '*' to be focused
[debug] [35m[ADB][39m Possible activities, to be checked: '*', 'com.wdiodemoapp.*'
[debug] [35m[ADB][39m Getting focused package and activity
[debug] [35m[ADB][39m Running 'c:\Users\mekan\AppData\Local\Android\Sdk\platform-tools\adb.exe -P 5037 -s emulator-5554 shell dumpsys window displays'
[debug] [35m[ADB][39m Found package: 'com.wdiodemoapp' and fully qualified activity name : 'com.wdiodemoapp.MainActivity'
[debug] [35m[UiAutomator2][39m Setting initial orientation to 'PORTRAIT'
[debug] [35m[WD Proxy][39m Matched '/orientation' to command name 'setOrientation'
[debug] [35m[WD Proxy][39m Proxying [POST /orientation] to [POST http://127.0.0.1:8201/wd/hub/session/409377ba-23ee-4f82-ba0d-dfdb412ea966/orientation] with body: {"orientation":"PORTRAIT"}
[debug] [35m[WD Proxy][39m Got response with status 200: {"sessionId":"409377ba-23ee-4f82-ba0d-dfdb412ea966","value":"PORTRAIT"}
[debug] [35m[WD Proxy][39m Proxying [GET /appium/device/pixel_ratio] to [GET http://127.0.0.1:8201/wd/hub/session/409377ba-23ee-4f82-ba0d-dfdb412ea966/appium/device/pixel_ratio] with no body
[debug] [35m[WD Proxy][39m Got response with status 200: {"sessionId":"409377ba-23ee-4f82-ba0d-dfdb412ea966","value":2.625}
[debug] [35m[WD Proxy][39m Matched '/appium/device/system_bars' to command name 'getSystemBars'
[debug] [35m[WD Proxy][39m Proxying [GET /appium/device/system_bars] to [GET http://127.0.0.1:8201/wd/hub/session/409377ba-23ee-4f82-ba0d-dfdb412ea966/appium/device/system_bars] with no body
[debug] [35m[WD Proxy][39m Got response with status 200: {"sessionId":"409377ba-23ee-4f82-ba0d-dfdb412ea966","value":{"statusBar":63}}
[debug] [35m[WD Proxy][39m Matched '/window/current/size' to command name 'getWindowSize'
[debug] [35m[WD Proxy][39m Proxying [GET /window/current/size] to [GET http://127.0.0.1:8201/wd/hub/session/409377ba-23ee-4f82-ba0d-dfdb412ea966/window/current/size] with no body
[debug] [35m[WD Proxy][39m Got response with status 200: {"sessionId":"409377ba-23ee-4f82-ba0d-dfdb412ea966","value":{"height":1794,"width":1080}}
[35m[Appium][39m New AndroidUiautomator2Driver session created successfully, session af9e0d14-e2a5-4157-9f85-ebc75472fe43 added to master session list
[debug] [35m[BaseDriver][39m Event 'newSessionStarted' logged at 1642716665777 (16:11:05 GMT-0600 (Central Standard Time))
[debug] [35m[W3C (af9e0d14)][39m Cached the protocol value 'W3C' for the new session af9e0d14-e2a5-4157-9f85-ebc75472fe43
[debug] [35m[W3C (af9e0d14)][39m Responding to client with driver.createSession() result: {"capabilities":{"platform":"LINUX","webStorageEnabled":false,"takesScreenshot":true,"javascriptEnabled":true,"databaseEnabled":false,"networkConnectionEnabled":true,"locationContextEnabled":false,"warnings":{},"desired":{"platformName":"Android","platformVersion":"11.0","deviceName":"nexus5x","orientation":"PORTRAIT","automationName":"UiAutomator2","newCommandTimeout":240,"app":"C:\\Users\\mekan\\Documents\\GitHub\\mobile-testing1\\apps\\Android-NativeDemoApp-0.4.0.apk","noReset":true,"appWaitActivity":"*"},"platformName":"Android","platformVersion":"11","deviceName":"emulator-5554","orientation":"PORTRAIT","automationName":"UiAutomator2","newCommandTimeout":240,"app":"C:\\Users\\mekan\\Documents\\GitHub\\mobile-testing1\\apps\\Android-NativeDemoApp-0.4.0.apk","noReset":true,"appWaitActivity":"*","deviceUDID":"emulator-5554","appPackage":"com.wdiodemoapp","deviceApiLevel":30,"deviceScreenSize":"1080x1920","deviceScreenDensity":420,"deviceModel":"sdk_gphone_x86","deviceManufacturer":"Google","pixelRatio":2...
[35m[HTTP][39m [37m<-- POST /session [39m[32m200[39m [90m16703 ms - 1169[39m
[35m[HTTP][39m [90m[39m
[35m[HTTP][39m [37m-->[39m [37mGET[39m [37m/session/af9e0d14-e2a5-4157-9f85-ebc75472fe43/screenshot[39m
[35m[HTTP][39m [90m{}[39m
[debug] [35m[W3C (af9e0d14)][39m Calling AppiumDriver.getScreenshot() with args: ["af9e0d14-e2a5-4157-9f85-ebc75472fe43"]
[debug] [35m[WD Proxy][39m Matched '/screenshot' to command name 'getScreenshot'
[debug] [35m[WD Proxy][39m Proxying [GET /screenshot] to [GET http://127.0.0.1:8201/wd/hub/session/409377ba-23ee-4f82-ba0d-dfdb412ea966/screenshot] with no body
[35m[HTTP][39m [37m-->[39m [37mPOST[39m [37m/session/af9e0d14-e2a5-4157-9f85-ebc75472fe43/appium/device/lock[39m
[35m[HTTP][39m [90m{}[39m
[debug] [35m[W3C (af9e0d14)][39m Calling AppiumDriver.lock() with args: [null,"af9e0d14-e2a5-4157-9f85-ebc75472fe43"]
[35m[HTTP][39m [37m-->[39m [37mGET[39m [37m/session/af9e0d14-e2a5-4157-9f85-ebc75472fe43/screenshot[39m
[35m[HTTP][39m [90m{}[39m
[debug] [35m[W3C (af9e0d14)][39m Calling AppiumDriver.getScreenshot() with args: ["af9e0d14-e2a5-4157-9f85-ebc75472fe43"]
[35m[HTTP][39m [37m-->[39m [37mGET[39m [37m/session/af9e0d14-e2a5-4157-9f85-ebc75472fe43/screenshot[39m
[35m[HTTP][39m [90m{}[39m
[debug] [35m[W3C (af9e0d14)][39m Calling AppiumDriver.getScreenshot() with args: ["af9e0d14-e2a5-4157-9f85-ebc75472fe43"]
[debug] [35m[WD Proxy][39m Got response with status 200: {"sessionId":"409377ba-23ee-4f82-ba0d-dfdb412ea966","value":"iVBORw0KGgoAAAANSUhEUgAABDgAAAeACAYAAAArYecKAAAAAXNSR0IArs4c6QAAAARzQklUCAgI\nCHwIZIgAACAASURBVHic7N15nNVV/fjx950ZIIZFBBQUMBWXBFRUVjfABdxwYTNc2lCxvv0qXNJM\nQ0GyzNT2RUXbrAAR9wAXQEDUEtQAvyqYLJIYsqMwy/39wZdJZIAZmDszR5/Pf4q5n3s+50o+Ht3X\nnM85mdb7HZANAAAAgITl1fQEAAAAAHaXwAEAAAAkT+AAAAAAkidwAAAAAMkTOAAAAIDkCRwAAABA\n8gQOAAAAIHkCBwAAAJA8gQMAAABInsABAAAAJE/gAAAAAJJXUNMTgJqUn58fLVu0iNNO6xM9epwQ\nBx98cDTdc8+IiFi5alUseHNBTJk2LZ54YmIsW7YsSkpKanjGAAAAlCfTer8DsjU9CahOmUwmPve5\nQ+OHt3w/Dj+8Q+Tn50cmk9nhe7LZbJSUlMb8+fPj2uu+G6+++s/IZv2rU9vVqVMn9t9//4iI+Ne/\n/hVFRUU1OyEAACBnBA4+VVq3ahUzZ0yLiNhp1NieLWHjgLaHWNFRSzVoUBgHHnhgDBo4IE455eSI\nbDaeevqZ+OuYsbFw4cJYv35DTU8RAIBq1Lhx42jX7rBo365dNG7cONq3Oywa79G47PU1q9fE3Hnz\nY82aNTF33ryY93//PWXt27WLufPm5fwew4dfv8Nrbrrp5pzPYwuBg+1q2nTP6H3qqdG5U6dyX3/5\n1Vdi4sTJ8e6771bzzCrvM5/5TIwfNybat28XeXlVs/XM+AcnxDe/dUWVjEXVyM/Pj549ToyLL74o\nunTuFA0aNCj7+y4tLY3169fHCy/+Pf7whz/GlKnTBCoAgE+w1q1bR5/ep0afPqdG927dKv3+52bN\niokTJ8fESZNjyZIlOZhh7gwc...
[debug] [35m[ADB][39m Running 'c:\Users\mekan\AppData\Local\Android\Sdk\platform-tools\adb.exe -P 5037 -s emulator-5554 shell dumpsys window'
[debug] [35m[W3C (af9e0d14)][39m Responding to client with driver.getScreenshot() result: "iVBORw0KGgoAAAANSUhEUgAABDgAAAeACAYAAAArYecKAAAAAXNSR0IArs4c6QAAAARzQklUCAgI\nCHwIZIgAACAASURBVHic7N15nNVV/fjx950ZIIZFBBQUMBWXBFRUVjfABdxwYTNc2lCxvv0qXNJM\nQ0GyzNT2RUXbrAAR9wAXQEDUEtQAvyqYLJIYsqMwy/39wZdJZIAZmDszR5/Pf4q5n3s+50o+Ht3X\nnM85mdb7HZANAAAAgITl1fQEAAAAAHaXwAEAAAAkT+AAAAAAkidwAAAAAMkTOAAAAIDkCRwAAABA\n8gQOAAAAIHkCBwAAAJA8gQMAAABInsABAAAAJE/gAAAAAJJXUNMTgJqUn58fLVu0iNNO6xM9epwQ\nBx98cDTdc8+IiFi5alUseHNBTJk2LZ54YmIsW7YsSkpKanjGAAAAlCfTer8DsjU9CahOmUwmPve5\nQ+OHt3w/Dj+8Q+Tn50cmk9nhe7LZbJSUlMb8+fPj2uu+G6+++s/IZv2rU9vVqVMn9t9//4iI+Ne/\n/hVFRUU1OyEAACBnBA4+VVq3ahUzZ0yLiNhp1NieLWHjgLaHWNFRSzVoUBgHHnhgDBo4IE455eSI\nbDaeevqZ+OuYsbFw4cJYv35DTU8RAIBq1Lhx42jX7rBo365dNG7cONq3Oywa79G47PU1q9fE3Hnz\nY82aNTF33ryY93//PWXt27WLufPm5fwew4dfv8Nrbrrp5pzPYwuBg+1q2nTP6H3qqdG5U6dyX3/5\n1Vdi4sTJ8e6771bzzCrvM5/5TIwfNybat28XeXlVs/XM+AcnxDe/dUWVjEXVyM/Pj549ToyLL74o\nunTuFA0aNCj7+y4tLY3169fHCy/+Pf7whz/GlKnTBCoAgE+w1q1bR5/ep0afPqdG927dKv3+52bN\niokTJ8fESZNjyZIlOZhh7gwcOCAGDegfA88fnNP7dO/WLcb89f4dXjPo/AviuVmzcjqPLezBwXZ1\n6NAh+v...
[35m[HTTP][39m [37m<-- GET /session/af9e0d14-e2a5-4157-9f85-ebc75472fe43/screenshot [39m[32m200[39m [90m540 ms - 135200[39m
[35m[HTTP][39m [90m[39m
[debug] [35m[ADB][39m Pressing the KEYCODE_POWER button to lock screen
[debug] [35m[ADB][39m Running 'c:\Users\mekan\AppData\Local\Android\Sdk\platform-tools\adb.exe -P 5037 -s emulator-5554 shell input keyevent 26'
[debug] [35m[ADB][39m Running 'c:\Users\mekan\AppData\Local\Android\Sdk\platform-tools\adb.exe -P 5037 -s emulator-5554 shell dumpsys window'
[35m[HTTP][39m [37m-->[39m [37mGET[39m [37m/wd/hub/session/85000215-4208-43da-a6e3-02534bfaec1f/timeouts[39m
[35m[HTTP][39m [90m{}[39m
[debug] [35m[HTTP][39m No route found for /wd/hub/session/85000215-4208-43da-a6e3-02534bfaec1f/timeouts
[35m[HTTP][39m [37m<-- GET /wd/hub/session/85000215-4208-43da-a6e3-02534bfaec1f/timeouts [39m[33m404[39m [90m2 ms - 262[39m
[35m[HTTP][39m [90m[39m
[debug] [35m[ADB][39m Running 'c:\Users\mekan\AppData\Local\Android\Sdk\platform-tools\adb.exe -P 5037 -s emulator-5554 shell dumpsys window'
[debug] [35m[WD Proxy][39m Matched '/screenshot' to command name 'getScreenshot'
[debug] [35m[WD Proxy][39m Proxying [GET /screenshot] to [GET http://127.0.0.1:8201/wd/hub/session/409377ba-23ee-4f82-ba0d-dfdb412ea966/screenshot] with no body
[debug] [35m[W3C (af9e0d14)][39m Responding to client with driver.lock() result: null
[35m[HTTP][39m [37m<-- POST /session/af9e0d14-e2a5-4157-9f85-ebc75472fe43/appium/device/lock [39m[32m200[39m [90m2305 ms - 14[39m
[35m[HTTP][39m [90m[39m
[35m[HTTP][39m [37m-->[39m [37mGET[39m [37m/session/af9e0d14-e2a5-4157-9f85-ebc75472fe43/screenshot[39m
[35m[HTTP][39m [90m{}[39m
[debug] [35m[W3C (af9e0d14)][39m Calling AppiumDriver.getScreenshot() with args: ["af9e0d14-e2a5-4157-9f85-ebc75472fe43"]
[35m[HTTP][39m [37m-->[39m [37mPOST[39m [37m/session/af9e0d14-e2a5-4157-9f85-ebc75472fe43/appium/device/unlock[39m
[35m[HTTP][39m [90m{}[39m
[debug] [35m[W3C (af9e0d14)][39m Calling AppiumDriver.unlock() with args: ["af9e0d14-e2a5-4157-9f85-ebc75472fe43"]
[35m[HTTP][39m [37m-->[39m [37mGET[39m [37m/session/af9e0d14-e2a5-4157-9f85-ebc75472fe43/screenshot[39m
[35m[HTTP][39m [90m{}[39m
[debug] [35m[W3C (af9e0d14)][39m Calling AppiumDriver.getScreenshot() with args: ["af9e0d14-e2a5-4157-9f85-ebc75472fe43"]
[debug] [35m[WD Proxy][39m Got response with status 200: {"sessionId":"409377ba-23ee-4f82-ba0d-dfdb412ea966","value":"iVBORw0KGgoAAAANSUhEUgAABDgAAAeACAYAAAArYecKAAAAAXNSR0IArs4c6QAAAARzQklUCAgI\nCHwIZIgAACAASURBVHic7NhBDQAgEMCwA/+eQQQPsqRVsPfWzJwBAAAACNu/AwAAAABeGRwAAABA\nnsEBAAAA5BkcAAAAQJ7BAQAAAOQZHAAAAECewQEAAADkGRwAAABAnsEBAAAA5BkcAAAAQJ7BAQAA\nAOQZHAAAAECewQEAAADkGRwAAABAnsEBAAAA5BkcAAAAQJ7BAQAAAOQZHAAAAECewQEAAADkGRwA\nAABAnsEBAAAA5BkcAAAAQJ7BAQAAAOQZHAAAAECewQEAAADkGRwAAABAnsEBAAAA5BkcAAAAQJ7B\nAQAAAOQZHAAAAECewQEAAADkGRwAAABAnsEBAAAA5BkcAAAAQJ7BAQAAAOQZHAAAAECewQEAAADk\nGRwAAABAnsEBAAAA5BkcAAAAQJ7BAQAAAOQZHAAAAECewQEAAADkGRwAAABAnsEBAAAA5BkcAAAA\nQJ7BAQAAAOQZHAAAAECewQEAAADkGRwAAABAnsEBAAAA5BkcAAAAQJ7BAQAAAOQZHAAAAECewQEA\nAADkGRwAAABAnsEBAAAA5BkcAAAAQJ7BAQAAAOQZHAAAAECewQEAAADkGRwAAABAnsEBAAAA5Bkc\nAAAAQJ7BAQAAAOQZHAAAAECewQEAAADkGRwAAABAnsEBAAAA5BkcAAAAQJ7BAQAAAOQZHAAAAECe\nwQEAAADkGRwAAABAnsEBAAAA5BkcAAAAQJ7BAQAAAOQZHAAAAECewQEAAADkGRwAAABAnsEBAAAA\n5BkcAAAAQJ7BAQAAAOQZHAAAAECewQEAAADkGRwAAABAnsEBAAAA5BkcAAAAQJ7BAQAAAOQZHAAA\nAECewQEAAADkGRwAAABAnsEB...
[debug] [35m[WD Proxy][39m Matched '/screenshot' to command name 'getScreenshot'
[debug] [35m[WD Proxy][39m Proxying [GET /screenshot] to [GET http://127.0.0.1:8201/wd/hub/session/409377ba-23ee-4f82-ba0d-dfdb412ea966/screenshot] with no body
[debug] [35m[W3C (af9e0d14)][39m Responding to client with driver.getScreenshot() result: "iVBORw0KGgoAAAANSUhEUgAABDgAAAeACAYAAAArYecKAAAAAXNSR0IArs4c6QAAAARzQklUCAgI\nCHwIZIgAACAASURBVHic7NhBDQAgEMCwA/+eQQQPsqRVsPfWzJwBAAAACNu/AwAAAABeGRwAAABA\nnsEBAAAA5BkcAAAAQJ7BAQAAAOQZHAAAAECewQEAAADkGRwAAABAnsEBAAAA5BkcAAAAQJ7BAQAA\nAOQZHAAAAECewQEAAADkGRwAAABAnsEBAAAA5BkcAAAAQJ7BAQAAAOQZHAAAAECewQEAAADkGRwA\nAABAnsEBAAAA5BkcAAAAQJ7BAQAAAOQZHAAAAECewQEAAADkGRwAAABAnsEBAAAA5BkcAAAAQJ7B\nAQAAAOQZHAAAAECewQEAAADkGRwAAABAnsEBAAAA5BkcAAAAQJ7BAQAAAOQZHAAAAECewQEAAADk\nGRwAAABAnsEBAAAA5BkcAAAAQJ7BAQAAAOQZHAAAAECewQEAAADkGRwAAABAnsEBAAAA5BkcAAAA\nQJ7BAQAAAOQZHAAAAECewQEAAADkGRwAAABAnsEBAAAA5BkcAAAAQJ7BAQAAAOQZHAAAAECewQEA\nAADkGRwAAABAnsEBAAAA5BkcAAAAQJ7BAQAAAOQZHAAAAECewQEAAADkGRwAAABAnsEBAAAA5Bkc\nAAAAQJ7BAQAAAOQZHAAAAECewQEAAADkGRwAAABAnsEBAAAA5BkcAAAAQJ7BAQAAAOQZHAAAAECe\nwQEAAADkGRwAAABAnsEBAAAA5BkcAAAAQJ7BAQAAAOQZHAAAAECewQEAAADkGRwAAABAnsEBAAAA\n5BkcAAAAQJ7BAQAAAOQZHAAAAECewQEAAADkGRwAAABAnsEBAAAA5BkcAAAAQJ7BAQAAAOQZHAAA\nAECewQEAAADkGRwAAABAnsEBAAAA5BkcAAAAQJ7BAQAAAOQZHAAAAECewQEAAADkGRwAAABAnsEB\nAAAA5B...
[35m[HTTP][39m [37m<-- GET /session/af9e0d14-e2a5-4157-9f85-ebc75472fe43/screenshot [39m[32m200[39m [90m2636 ms - 17124[39m
[35m[HTTP][39m [90m[39m
[debug] [35m[WD Proxy][39m Got response with status 200: {"sessionId":"409377ba-23ee-4f82-ba0d-dfdb412ea966","value":"iVBORw0KGgoAAAANSUhEUgAABDgAAAeACAYAAAArYecKAAAAAXNSR0IArs4c6QAAAARzQklUCAgI\nCHwIZIgAACAASURBVHic7NhBDQAgEMCwA/+eQQQPsqRVsPfWzJwBAAAACNu/AwAAAABeGRwAAABA\nnsEBAAAA5BkcAAAAQJ7BAQAAAOQZHAAAAECewQEAAADkGRwAAABAnsEBAAAA5BkcAAAAQJ7BAQAA\nAOQZHAAAAECewQEAAADkGRwAAABAnsEBAAAA5BkcAAAAQJ7BAQAAAOQZHAAAAECewQEAAADkGRwA\nAABAnsEBAAAA5BkcAAAAQJ7BAQAAAOQZHAAAAECewQEAAADkGRwAAABAnsEBAAAA5BkcAAAAQJ7B\nAQAAAOQZHAAAAECewQEAAADkGRwAAABAnsEBAAAA5BkcAAAAQJ7BAQAAAOQZHAAAAECewQEAAADk\nGRwAAABAnsEBAAAA5BkcAAAAQJ7BAQAAAOQZHAAAAECewQEAAADkGRwAAABAnsEBAAAA5BkcAAAA\nQJ7BAQAAAOQZHAAAAECewQEAAADkGRwAAABAnsEBAAAA5BkcAAAAQJ7BAQAAAOQZHAAAAECewQEA\nAADkGRwAAABAnsEBAAAA5BkcAAAAQJ7BAQAAAOQZHAAAAECewQEAAADkGRwAAABAnsEBAAAA5Bkc\nAAAAQJ7BAQAAAOQZHAAAAECewQEAAADkGRwAAABAnsEBAAAA5BkcAAAAQJ7BAQAAAOQZHAAAAECe\nwQEAAADkGRwAAABAnsEBAAAA5BkcAAAAQJ7BAQAAAOQZHAAAAECewQEAAADkGRwAAABAnsEBAAAA\n5BkcAAAAQJ7BAQAAAOQZHAAAAECewQEAAADkGRwAAABAnsEBAAAA5BkcAAAAQJ7BAQAAAOQZHAAA\nAECewQEAAADkGRwAAABAnsEB...
[debug] [35m[WD Proxy][39m Matched '/screenshot' to command name 'getScreenshot'
[debug] [35m[WD Proxy][39m Proxying [GET /screenshot] to [GET http://127.0.0.1:8201/wd/hub/session/409377ba-23ee-4f82-ba0d-dfdb412ea966/screenshot] with no body
[debug] [35m[W3C (af9e0d14)][39m Responding to client with driver.getScreenshot() result: "iVBORw0KGgoAAAANSUhEUgAABDgAAAeACAYAAAArYecKAAAAAXNSR0IArs4c6QAAAARzQklUCAgI\nCHwIZIgAACAASURBVHic7NhBDQAgEMCwA/+eQQQPsqRVsPfWzJwBAAAACNu/AwAAAABeGRwAAABA\nnsEBAAAA5BkcAAAAQJ7BAQAAAOQZHAAAAECewQEAAADkGRwAAABAnsEBAAAA5BkcAAAAQJ7BAQAA\nAOQZHAAAAECewQEAAADkGRwAAABAnsEBAAAA5BkcAAAAQJ7BAQAAAOQZHAAAAECewQEAAADkGRwA\nAABAnsEBAAAA5BkcAAAAQJ7BAQAAAOQZHAAAAECewQEAAADkGRwAAABAnsEBAAAA5BkcAAAAQJ7B\nAQAAAOQZHAAAAECewQEAAADkGRwAAABAnsEBAAAA5BkcAAAAQJ7BAQAAAOQZHAAAAECewQEAAADk\nGRwAAABAnsEBAAAA5BkcAAAAQJ7BAQAAAOQZHAAAAECewQEAAADkGRwAAABAnsEBAAAA5BkcAAAA\nQJ7BAQAAAOQZHAAAAECewQEAAADkGRwAAABAnsEBAAAA5BkcAAAAQJ7BAQAAAOQZHAAAAECewQEA\nAADkGRwAAABAnsEBAAAA5BkcAAAAQJ7BAQAAAOQZHAAAAECewQEAAADkGRwAAABAnsEBAAAA5Bkc\nAAAAQJ7BAQAAAOQZHAAAAECewQEAAADkGRwAAABAnsEBAAAA5BkcAAAAQJ7BAQAAAOQZHAAAAECe\nwQEAAADkGRwAAABAnsEBAAAA5BkcAAAAQJ7BAQAAAOQZHAAAAECewQEAAADkGRwAAABAnsEBAAAA\n5BkcAAAAQJ7BAQAAAOQZHAAAAECewQEAAADkGRwAAABAnsEBAAAA5BkcAAAAQJ7BAQAAAOQZHAAA\nAECewQEAAADkGRwAAABAnsEBAAAA5BkcAAAAQJ7BAQAAAOQZHAAAAECewQEAAADkGRwAAABAnsEB\nAAAA5B...
[35m[HTTP][39m [37m<-- GET /session/af9e0d14-e2a5-4157-9f85-ebc75472fe43/screenshot [39m[32m200[39m [90m2940 ms - 17124[39m
[35m[HTTP][39m [90m[39m
[debug] [35m[WD Proxy][39m Got response with status 200: {"sessionId":"409377ba-23ee-4f82-ba0d-dfdb412ea966","value":"iVBORw0KGgoAAAANSUhEUgAABDgAAAeACAYAAAArYecKAAAAAXNSR0IArs4c6QAAAARzQklUCAgI\nCHwIZIgAACAASURBVHic7NhBDQAgEMCwA/+eQQQPsqRVsPfWzJwBAAAACNu/AwAAAABeGRwAAABA\nnsEBAAAA5BkcAAAAQJ7BAQAAAOQZHAAAAECewQEAAADkGRwAAABAnsEBAAAA5BkcAAAAQJ7BAQAA\nAOQZHAAAAECewQEAAADkGRwAAABAnsEBAAAA5BkcAAAAQJ7BAQAAAOQZHAAAAECewQEAAADkGRwA\nAABAnsEBAAAA5BkcAAAAQJ7BAQAAAOQZHAAAAECewQEAAADkGRwAAABAnsEBAAAA5BkcAAAAQJ7B\nAQAAAOQZHAAAAECewQEAAADkGRwAAABAnsEBAAAA5BkcAAAAQJ7BAQAAAOQZHAAAAECewQEAAADk\nGRwAAABAnsEBAAAA5BkcAAAAQJ7BAQAAAOQZHAAAAECewQEAAADkGRwAAABAnsEBAAAA5BkcAAAA\nQJ7BAQAAAOQZHAAAAECewQEAAADkGRwAAABAnsEBAAAA5BkcAAAAQJ7BAQAAAOQZHAAAAECewQEA\nAADkGRwAAABAnsEBAAAA5BkcAAAAQJ7BAQAAAOQZHAAAAECewQEAAADkGRwAAABAnsEBAAAA5Bkc\nAAAAQJ7BAQAAAOQZHAAAAECewQEAAADkGRwAAABAnsEBAAAA5BkcAAAAQJ7BAQAAAOQZHAAAAECe\nwQEAAADkGRwAAABAnsEBAAAA5BkcAAAAQJ7BAQAAAOQZHAAAAECewQEAAADkGRwAAABAnsEBAAAA\n5BkcAAAAQJ7BAQAAAOQZHAAAAECewQEAAADkGRwAAABAnsEBAAAA5BkcAAAAQJ7BAQAAAOQZHAAA\nAECewQEAAADkGRwAAABAnsEB...
[debug] [35m[ADB][39m Running 'c:\Users\mekan\AppData\Local\Android\Sdk\platform-tools\adb.exe -P 5037 -s emulator-5554 shell dumpsys window'
[debug] [35m[W3C (af9e0d14)][39m Responding to client with driver.getScreenshot() result: "iVBORw0KGgoAAAANSUhEUgAABDgAAAeACAYAAAArYecKAAAAAXNSR0IArs4c6QAAAARzQklUCAgI\nCHwIZIgAACAASURBVHic7NhBDQAgEMCwA/+eQQQPsqRVsPfWzJwBAAAACNu/AwAAAABeGRwAAABA\nnsEBAAAA5BkcAAAAQJ7BAQAAAOQZHAAAAECewQEAAADkGRwAAABAnsEBAAAA5BkcAAAAQJ7BAQAA\nAOQZHAAAAECewQEAAADkGRwAAABAnsEBAAAA5BkcAAAAQJ7BAQAAAOQZHAAAAECewQEAAADkGRwA\nAABAnsEBAAAA5BkcAAAAQJ7BAQAAAOQZHAAAAECewQEAAADkGRwAAABAnsEBAAAA5BkcAAAAQJ7B\nAQAAAOQZHAAAAECewQEAAADkGRwAAABAnsEBAAAA5BkcAAAAQJ7BAQAAAOQZHAAAAECewQEAAADk\nGRwAAABAnsEBAAAA5BkcAAAAQJ7BAQAAAOQZHAAAAECewQEAAADkGRwAAABAnsEBAAAA5BkcAAAA\nQJ7BAQAAAOQZHAAAAECewQEAAADkGRwAAABAnsEBAAAA5BkcAAAAQJ7BAQAAAOQZHAAAAECewQEA\nAADkGRwAAABAnsEBAAAA5BkcAAAAQJ7BAQAAAOQZHAAAAECewQEAAADkGRwAAABAnsEBAAAA5Bkc\nAAAAQJ7BAQAAAOQZHAAAAECewQEAAADkGRwAAABAnsEBAAAA5BkcAAAAQJ7BAQAAAOQZHAAAAECe\nwQEAAADkGRwAAABAnsEBAAAA5BkcAAAAQJ7BAQAAAOQZHAAAAECewQEAAADkGRwAAABAnsEBAAAA\n5BkcAAAAQJ7BAQAAAOQZHAAAAECewQEAAADkGRwAAABAnsEBAAAA5BkcAAAAQJ7BAQAAAOQZHAAA\nAECewQEAAADkGRwAAABAnsEBAAAA5BkcAAAAQJ7BAQAAAOQZHAAAAECewQEAAADkGRwAAABAnsEB\nAAAA5B...
[35m[HTTP][39m [37m<-- GET /session/af9e0d14-e2a5-4157-9f85-ebc75472fe43/screenshot [39m[32m200[39m [90m960 ms - 17124[39m
[35m[HTTP][39m [90m[39m
[debug] [35m[AndroidDriver][39m Screen is locked, trying to unlock
[35m[AndroidDriver][39m Using app unlock, this is going to be deprecated!
[35m[AndroidDriver][39m Unlocking screen
[35m[AndroidDriver][39m Launching .Unlock
[debug] [35m[ADB][39m Running 'c:\Users\mekan\AppData\Local\Android\Sdk\platform-tools\adb.exe -P 5037 -s emulator-5554 shell am start -n io.appium.settings/.Unlock -c android.intent.category.LAUNCHER -a android.intent.action.MAIN -f 0x10200000'
[debug] [35m[WD Proxy][39m Matched '/screenshot' to command name 'getScreenshot'
[debug] [35m[WD Proxy][39m Proxying [GET /screenshot] to [GET http://127.0.0.1:8201/wd/hub/session/409377ba-23ee-4f82-ba0d-dfdb412ea966/screenshot] with no body
[debug] [35m[W3C (af9e0d14)][39m Responding to client with driver.unlock() result: null
[35m[HTTP][39m [37m<-- POST /session/af9e0d14-e2a5-4157-9f85-ebc75472fe43/appium/device/unlock [39m[32m200[39m [90m2149 ms - 14[39m
[35m[HTTP][39m [90m[39m
[35m[HTTP][39m [37m-->[39m [37mPOST[39m [37m/session/af9e0d14-e2a5-4157-9f85-ebc75472fe43/element[39m
[35m[HTTP][39m [90m{"using":"accessibility id","value":"Login"}[39m
[debug] [35m[W3C (af9e0d14)][39m Calling AppiumDriver.findElement() with args: ["accessibility id","Login","af9e0d14-e2a5-4157-9f85-ebc75472fe43"]
[35m[HTTP][39m [37m-->[39m [37mGET[39m [37m/session/af9e0d14-e2a5-4157-9f85-ebc75472fe43/screenshot[39m
[35m[HTTP][39m [90m{}[39m
[debug] [35m[W3C (af9e0d14)][39m Calling AppiumDriver.getScreenshot() with args: ["af9e0d14-e2a5-4157-9f85-ebc75472fe43"]
[35m[HTTP][39m [37m-->[39m [37mGET[39m [37m/session/af9e0d14-e2a5-4157-9f85-ebc75472fe43/screenshot[39m
[35m[HTTP][39m [90m{}[39m
[debug] [35m[W3C (af9e0d14)][39m Calling AppiumDriver.getScreenshot() with args: ["af9e0d14-e2a5-4157-9f85-ebc75472fe43"]
[debug] [35m[WD Proxy][39m Got response with status 200: {"sessionId":"409377ba-23ee-4f82-ba0d-dfdb412ea966","value":"iVBORw0KGgoAAAANSUhEUgAABDgAAAeACAYAAAArYecKAAAAAXNSR0IArs4c6QAAAARzQklUCAgI\nCHwIZIgAACAASURBVHic7N15kJ3lYef733tOr9olQAiB0AaSjNgEslnM4tiGGNvgOE7gJqk7Tk3m\nzji5VUkqZd+xK1PFZKpSrpp/7KQyKTz+Y4JTMzfyHTIekDdwvAGOMQKxWAIJSYCEJNC+dqu7zznv\n/aOtDkISaOnthc+niiq6T5/3fY5aLen9nud9nuILX/hCGQAAAIAKq431AAAAAADOlsABAAAAVJ7A\nAQAAAFSewAEAAABUnsABAAAAVJ7AAQAAAFSewAEAAABUnsABAAAAVJ7AAQAAAFSewAEAAABUnsAB\nAAAAVF7bWA8AxlKtVsuUKVNy+eWXZ9GiRTn//PMzceLEJElPT0927NiR9evX5/nnn8/+/fvTarXG\neMQAAACcSPGFL3yhHOtBwGgqiiKzZs3KZz7zmVx44YWp1WopiuJtn1OWZcqyzLZt2/KP//iP2bp1\na8rSj854V6/Xc+655yZJdu3alWazOcYjAgAARorAwXvK9OnT88UvfjFJ3jFqnMzRsPGlL33JjI5x\nqqOjIzNnzszy5cvzvve9L0nywgsvZNWqVdmxY0f6+/vHeIQAAIym7u7uXHDBBZk9e3a6u7sze/bs\ndHV1DT1+5MiRbNu2Lb29vdm2bVu2b9+e3t7eMRzx2Zs9e3a2bds24ue488473/ZrHnrooREfx1Fu\nUeGkJk6cmKVLl2bevHknfHzLli1Zs2ZNDhw4MLoDOwPt7e35wz/8w1x44YVnHDaOOvr8u+++O//w\nD/8wHMNjmNRqtSxevDjXX3995s+fn87OzqHv1w033JBrrrkmL7/8cn7+859n3bp1AhUAwLvY9OnT\ns3Tp0ixdujQLFy58x69funTp...
[debug] [35m[BaseDriver][39m Valid locator strategies for this request: xpath, id, class name, accessibility id, css selector, -android uiautomator
[debug] [35m[BaseDriver][39m Waiting up to 0 ms for condition
[debug] [35m[WD Proxy][39m Matched '/element' to command name 'findElement'
[debug] [35m[WD Proxy][39m Proxying [POST /element] to [POST http://127.0.0.1:8201/wd/hub/session/409377ba-23ee-4f82-ba0d-dfdb412ea966/element] with body: {"strategy":"accessibility id","selector":"Login","context":"","multiple":false}
[debug] [35m[W3C (af9e0d14)][39m Responding to client with driver.getScreenshot() result: "iVBORw0KGgoAAAANSUhEUgAABDgAAAeACAYAAAArYecKAAAAAXNSR0IArs4c6QAAAARzQklUCAgI\nCHwIZIgAACAASURBVHic7N15kJ3lYef733tOr9olQAiB0AaSjNgEslnM4tiGGNvgOE7gJqk7Tk3m\nzji5VUkqZd+xK1PFZKpSrpp/7KQyKTz+Y4JTMzfyHTIekDdwvAGOMQKxWAIJSYCEJNC+dqu7zznv\n/aOtDkISaOnthc+niiq6T5/3fY5aLen9nud9nuILX/hCGQAAAIAKq431AAAAAADOlsABAAAAVJ7A\nAQAAAFSewAEAAABUnsABAAAAVJ7AAQAAAFSewAEAAABUnsABAAAAVJ7AAQAAAFSewAEAAABUnsAB\nAAAAVF7bWA8AxlKtVsuUKVNy+eWXZ9GiRTn//PMzceLEJElPT0927NiR9evX5/nnn8/+/fvTarXG\neMQAAACcSPGFL3yhHOtBwGgqiiKzZs3KZz7zmVx44YWp1WopiuJtn1OWZcqyzLZt2/KP//iP2bp1\na8rSj854V6/Xc+655yZJdu3alWazOcYjAgAARorAwXvK9OnT88UvfjFJ3jFqnMzRsPGlL33JjI5x\nqqOjIzNnzszy5cvzvve9L0nywgsvZNWqVdmxY0f6+/vHeIQAAIym7u7uXHDBBZk9e3a6u7sze/bs\ndHV1DT1+5MiRbNu2Lb29vdm2bVu2b9+e3t7eMRzx2Zs9e3a2bds24ue488473/ZrHnrooREfx1Fu\nUeGkJk6cmKVLl2bevHknfHzLli1Zs2ZNDhw4MLoDOwPt7e35wz/8w1x44YVnHDaOOvr8u+++O//w\nD/8wHMNjmNRqtSxevDjXX3995s+fn87OzqHv1w033JBrrrkmL7/8cn7+859n3bp1AhUAwLvY9OnT\ns3Tp0ixdujQLFy58x69funTpMR9v3Lgxa9asyZo1a7J3796RGuaIWL58eZYvX5777rtvRM/T3d39\njr+23d...
[35m[HTTP][39m [37m<-- GET /session/af9e0d14-e2a5-4157-9f85-ebc75472fe43/screenshot [39m[32m200[39m [90m2705 ms - 216126[39m
[35m[HTTP][39m [90m[39m
[debug] [35m[WD Proxy][39m Got response with status 200: {"sessionId":"409377ba-23ee-4f82-ba0d-dfdb412ea966","value":{"ELEMENT":"00000000-0000-00cd-ffff-ffff0000001f","element-6066-11e4-a52e-4f735466cecf":"00000000-0000-00cd-ffff-ffff0000001f"}}
[debug] [35m[WD Proxy][39m Matched '/screenshot' to command name 'getScreenshot'
[debug] [35m[WD Proxy][39m Proxying [GET /screenshot] to [GET http://127.0.0.1:8201/wd/hub/session/409377ba-23ee-4f82-ba0d-dfdb412ea966/screenshot] with no body
[debug] [35m[W3C (af9e0d14)][39m Responding to client with driver.findElement() result: {"element-6066-11e4-a52e-4f735466cecf":"00000000-0000-00cd-ffff-ffff0000001f","ELEMENT":"00000000-0000-00cd-ffff-ffff0000001f"}
[35m[HTTP][39m [37m<-- POST /session/af9e0d14-e2a5-4157-9f85-ebc75472fe43/element [39m[32m200[39m [90m628 ms - 137[39m
[35m[HTTP][39m [90m[39m
[35m[HTTP][39m [37m-->[39m [37mPOST[39m [37m/session/af9e0d14-e2a5-4157-9f85-ebc75472fe43/touch/perform[39m
[35m[HTTP][39m [90m{"actions":[{"action":"tap","options":{"element":"00000000-0000-00cd-ffff-ffff0000001f"}}]}[39m
[debug] [35m[W3C (af9e0d14)][39m Calling AppiumDriver.performTouch() with args: [[{"action":"tap","options":{"element":"00000000-0000-00cd-ffff-ffff0000001f"}}],"af9e0d14-e2a5-4157-9f85-ebc75472fe43"]
[debug] [35m[WD Proxy][39m Got response with status 200: {"sessionId":"409377ba-23ee-4f82-ba0d-dfdb412ea966","value":"iVBORw0KGgoAAAANSUhEUgAABDgAAAeACAYAAAArYecKAAAAAXNSR0IArs4c6QAAAARzQklUCAgI\nCHwIZIgAACAASURBVHic7N15kJ3lYef733tOr9olQAiB0AaSjNgEslnM4tiGGNvgOE7gJqk7Tk3m\nzji5VUkqZd+xK1PFZKpSrpp/7KQyKTz+Y4JTMzfyHTIekDdwvAGOMQKxWAIJSYCEJNC+dqu7zznv\n/aOtDkISaOnthc+niiq6T5/3fY5aLen9nud9nuILX/hCGQAAAIAKq431AAAAAADOlsABAAAAVJ7A\nAQAAAFSewAEAAABUnsABAAAAVJ7AAQAAAFSewAEAAABUnsABAAAAVJ7AAQAAAFSewAEAAABUnsAB\nAAAAVF7bWA8AxlKtVsuUKVNy+eWXZ9GiRTn//PMzceLEJElPT0927NiR9evX5/nnn8/+/fvTarXG\neMQAAACcSPGFL3yhHOtBwGgqiiKzZs3KZz7zmVx44YWp1WopiuJtn1OWZcqyzLZt2/KP//iP2bp1\na8rSj854V6/Xc+655yZJdu3alWazOcYjAgAARorAwXvK9OnT88UvfjFJ3jFqnMzRsPGlL33JjI5x\nqqOjIzNnzszy5cvzvve9L0nywgsvZNWqVdmxY0f6+/vHeIQAAIym7u7uXHDBBZk9e3a6u7sze/bs\ndHV1DT1+5MiRbNu2Lb29vdm2bVu2b9+e3t7eMRzx2Zs9e3a2bds24ue488473/ZrHnrooREfx1Fu\nUeGkJk6cmKVLl2bevHknfHzLli1Zs2ZNDhw4MLoDOwPt7e35wz/8w1x44YVnHDaOOvr8u+++O//w\nD/8wHMNjmNRqtSxevDjXX3995s+fn87OzqHv1w033JBrrrkmL7/8cn7+859n3bp1AhUAwLvY9OnT\ns3Tp0ixdujQLFy58x69funTp...
[debug] [35m[WD Proxy][39m Matched '/screenshot' to command name 'getScreenshot'
[debug] [35m[WD Proxy][39m Proxying [GET /screenshot] to [GET http://127.0.0.1:8201/wd/hub/session/409377ba-23ee-4f82-ba0d-dfdb412ea966/screenshot] with no body
[debug] [35m[W3C (af9e0d14)][39m Responding to client with driver.getScreenshot() result: "iVBORw0KGgoAAAANSUhEUgAABDgAAAeACAYAAAArYecKAAAAAXNSR0IArs4c6QAAAARzQklUCAgI\nCHwIZIgAACAASURBVHic7N15kJ3lYef733tOr9olQAiB0AaSjNgEslnM4tiGGNvgOE7gJqk7Tk3m\nzji5VUkqZd+xK1PFZKpSrpp/7KQyKTz+Y4JTMzfyHTIekDdwvAGOMQKxWAIJSYCEJNC+dqu7zznv\n/aOtDkISaOnthc+niiq6T5/3fY5aLen9nud9nuILX/hCGQAAAIAKq431AAAAAADOlsABAAAAVJ7A\nAQAAAFSewAEAAABUnsABAAAAVJ7AAQAAAFSewAEAAABUnsABAAAAVJ7AAQAAAFSewAEAAABUnsAB\nAAAAVF7bWA8AxlKtVsuUKVNy+eWXZ9GiRTn//PMzceLEJElPT0927NiR9evX5/nnn8/+/fvTarXG\neMQAAACcSPGFL3yhHOtBwGgqiiKzZs3KZz7zmVx44YWp1WopiuJtn1OWZcqyzLZt2/KP//iP2bp1\na8rSj854V6/Xc+655yZJdu3alWazOcYjAgAARorAwXvK9OnT88UvfjFJ3jFqnMzRsPGlL33JjI5x\nqqOjIzNnzszy5cvzvve9L0nywgsvZNWqVdmxY0f6+/vHeIQAAIym7u7uXHDBBZk9e3a6u7sze/bs\ndHV1DT1+5MiRbNu2Lb29vdm2bVu2b9+e3t7eMRzx2Zs9e3a2bds24ue488473/ZrHnrooREfx1Fu\nUeGkJk6cmKVLl2bevHknfHzLli1Zs2ZNDhw4MLoDOwPt7e35wz/8w1x44YVnHDaOOvr8u+++O//w\nD/8wHMNjmNRqtSxevDjXX3995s+fn87OzqHv1w033JBrrrkmL7/8cn7+859n3bp1AhUAwLvY9OnT\ns3Tp0ixdujQLFy58x69funTpMR9v3Lgxa9asyZo1a7J3796RGuaIWL58eZYvX5777rtvRM/T3d39\njr+23d...
[35m[HTTP][39m [37m<-- GET /session/af9e0d14-e2a5-4157-9f85-ebc75472fe43/screenshot [39m[32m200[39m [90m1170 ms - 216098[39m
[35m[HTTP][39m [90m[39m
[debug] [35m[WD Proxy][39m Got response with status 200: {"sessionId":"409377ba-23ee-4f82-ba0d-dfdb412ea966","value":"iVBORw0KGgoAAAANSUhEUgAABDgAAAeACAYAAAArYecKAAAAAXNSR0IArs4c6QAAAARzQklUCAgI\nCHwIZIgAACAASURBVHic7N15kJ3lYef733tOr9olQAiB0AaSjNgEslnM4tiGGNvgOE7gJqk7Tk3m\nzji5VUkqZd+xK1PFZKpSrpp/7KQyKTz+Y4JTMzfyHTIekDdwvAGOMQKxWAIJSYCEJNC+dqu7zznv\n/aOtDkISaOnthc+niiq6T5/3fY5aLen9nud9nuILX/hCGQAAAIAKq431AAAAAADOlsABAAAAVJ7A\nAQAAAFSewAEAAABUnsABAAAAVJ7AAQAAAFSewAEAAABUnsABAAAAVJ7AAQAAAFSewAEAAABUnsAB\nAAAAVF7bWA8AxlKtVsuUKVNy+eWXZ9GiRTn//PMzceLEJElPT0927NiR9evX5/nnn8/+/fvTarXG\neMQAAACcSPGFL3yhHOtBwGgqiiKzZs3KZz7zmVx44YWp1WopiuJtn1OWZcqyzLZt2/KP//iP2bp1\na8rSj854V6/Xc+655yZJdu3alWazOcYjAgAARorAwXvK9OnT88UvfjFJ3jFqnMzRsPGlL33JjI5x\nqqOjIzNnzszy5cvzvve9L0nywgsvZNWqVdmxY0f6+/vHeIQAAIym7u7uXHDBBZk9e3a6u7sze/bs\ndHV1DT1+5MiRbNu2Lb29vdm2bVu2b9+e3t7eMRzx2Zs9e3a2bds24ue488473/ZrHnrooREfx1Fu\nUeGkJk6cmKVLl2bevHknfHzLli1Zs2ZNDhw4MLoDOwPt7e35wz/8w1x44YVnHDaOOvr8u+++O//w\nD/8wHMNjmNRqtSxevDjXX3995s+fn87OzqHv1w033JBrrrkmL7/8cn7+859n3bp1AhUAwLvY9OnT\ns3Tp0ixdujQLFy58x69funTp...
[35m[UiAutomator2][39m calling get location: 00000000-0000-00cd-ffff-ffff0000001f
[debug] [35m[WD Proxy][39m Matched '/element/00000000-0000-00cd-ffff-ffff0000001f/location' to command name 'getLocation'
[debug] [35m[WD Proxy][39m Proxying [GET /element/00000000-0000-00cd-ffff-ffff0000001f/location] to [GET http://127.0.0.1:8201/wd/hub/session/409377ba-23ee-4f82-ba0d-dfdb412ea966/element/00000000-0000-00cd-ffff-ffff0000001f/location] with no body
[debug] [35m[W3C (af9e0d14)][39m Responding to client with driver.getScreenshot() result: "iVBORw0KGgoAAAANSUhEUgAABDgAAAeACAYAAAArYecKAAAAAXNSR0IArs4c6QAAAARzQklUCAgI\nCHwIZIgAACAASURBVHic7N15kJ3lYef733tOr9olQAiB0AaSjNgEslnM4tiGGNvgOE7gJqk7Tk3m\nzji5VUkqZd+xK1PFZKpSrpp/7KQyKTz+Y4JTMzfyHTIekDdwvAGOMQKxWAIJSYCEJNC+dqu7zznv\n/aOtDkISaOnthc+niiq6T5/3fY5aLen9nud9nuILX/hCGQAAAIAKq431AAAAAADOlsABAAAAVJ7A\nAQAAAFSewAEAAABUnsABAAAAVJ7AAQAAAFSewAEAAABUnsABAAAAVJ7AAQAAAFSewAEAAABUnsAB\nAAAAVF7bWA8AxlKtVsuUKVNy+eWXZ9GiRTn//PMzceLEJElPT0927NiR9evX5/nnn8/+/fvTarXG\neMQAAACcSPGFL3yhHOtBwGgqiiKzZs3KZz7zmVx44YWp1WopiuJtn1OWZcqyzLZt2/KP//iP2bp1\na8rSj854V6/Xc+655yZJdu3alWazOcYjAgAARorAwXvK9OnT88UvfjFJ3jFqnMzRsPGlL33JjI5x\nqqOjIzNnzszy5cvzvve9L0nywgsvZNWqVdmxY0f6+/vHeIQAAIym7u7uXHDBBZk9e3a6u7sze/bs\ndHV1DT1+5MiRbNu2Lb29vdm2bVu2b9+e3t7eMRzx2Zs9e3a2bds24ue488473/ZrHnrooREfx1Fu\nUeGkJk6cmKVLl2bevHknfHzLli1Zs2ZNDhw4MLoDOwPt7e35wz/8w1x44YVnHDaOOvr8u+++O//w\nD/8wHMNjmNRqtSxevDjXX3995s+fn87OzqHv1w033JBrrrkmL7/8cn7+859n3bp1AhUAwLvY9OnT\ns3Tp0ixdujQLFy58x69funTpMR9v3Lgxa9asyZo1a7J3796RGuaIWL58eZYvX5777rtvRM/T3d39\njr+23d...
[35m[HTTP][39m [37m<-- GET /session/af9e0d14-e2a5-4157-9f85-ebc75472fe43/screenshot [39m[32m200[39m [90m1647 ms - 216052[39m
[35m[HTTP][39m [90m[39m
[debug] [35m[WD Proxy][39m Got response with status 200: {"sessionId":"409377ba-23ee-4f82-ba0d-dfdb412ea966","value":{"x":360,"y":1663}}
[debug] [35m[WD Proxy][39m Matched '/element/00000000-0000-00cd-ffff-ffff0000001f/size' to command name 'getSize'
[debug] [35m[WD Proxy][39m Proxying [GET /element/00000000-0000-00cd-ffff-ffff0000001f/size] to [GET http://127.0.0.1:8201/wd/hub/session/409377ba-23ee-4f82-ba0d-dfdb412ea966/element/00000000-0000-00cd-ffff-ffff0000001f/size] with no body
[debug] [35m[WD Proxy][39m Got response with status 200: {"sessionId":"409377ba-23ee-4f82-ba0d-dfdb412ea966","value":{"height":131,"width":180}}
[debug] [35m[WD Proxy][39m Proxying [POST /appium/tap] to [POST http://127.0.0.1:8201/wd/hub/session/409377ba-23ee-4f82-ba0d-dfdb412ea966/appium/tap] with body: {"x":450,"y":1728.5,"undefined":null}
[debug] [35m[WD Proxy][39m Got response with status 200: {"sessionId":"409377ba-23ee-4f82-ba0d-dfdb412ea966","value":null}
[debug] [35m[W3C (af9e0d14)][39m Responding to client with driver.performTouch() result: null
[35m[HTTP][39m [37m<-- POST /session/af9e0d14-e2a5-4157-9f85-ebc75472fe43/touch/perform [39m[32m200[39m [90m1197 ms - 14[39m
[35m[HTTP][39m [90m[39m
[35m[HTTP][39m [37m-->[39m [37mPOST[39m [37m/session/af9e0d14-e2a5-4157-9f85-ebc75472fe43/element[39m
[35m[HTTP][39m [90m{"using":"accessibility id","value":"input-email"}[39m
[debug] [35m[W3C (af9e0d14)][39m Calling AppiumDriver.findElement() with args: ["accessibility id","input-email","af9e0d14-e2a5-4157-9f85-ebc75472fe43"]
[debug] [35m[BaseDriver][39m Valid locator strategies for this request: xpath, id, class name, accessibility id, css selector, -android uiautomator
[debug] [35m[BaseDriver][39m Waiting up to 0 ms for condition
[debug] [35m[WD Proxy][39m Matched '/element' to command name 'findElement'
[debug] [35m[WD Proxy][39m Proxying [POST /element] to [POST http://127.0.0.1:8201/wd/hub/session/409377ba-23ee-4f82-ba0d-dfdb412ea966/element] with body: {"strategy":"accessibility id","selector":"input-email","context":"","multiple":false}
[35m[HTTP][39m [37m-->[39m [37mGET[39m [37m/session/af9e0d14-e2a5-4157-9f85-ebc75472fe43/screenshot[39m
[35m[HTTP][39m [90m{}[39m
[debug] [35m[W3C (af9e0d14)][39m Calling AppiumDriver.getScreenshot() with args: ["af9e0d14-e2a5-4157-9f85-ebc75472fe43"]
[35m[HTTP][39m [37m-->[39m [37mGET[39m [37m/session/af9e0d14-e2a5-4157-9f85-ebc75472fe43/screenshot[39m
[35m[HTTP][39m [90m{}[39m
[debug] [35m[W3C (af9e0d14)][39m Calling AppiumDriver.getScreenshot() with args: ["af9e0d14-e2a5-4157-9f85-ebc75472fe43"]
[35m[WD Proxy][39m Got response with status 404: {"sessionId":"409377ba-23ee-4f82-ba0d-dfdb412ea966","value":{"error":"no such element","message":"An element could not be located on the page using the given search parameters","stacktrace":"io.appium.uiautomator2.common.exceptions.ElementNotFoundException: An element could not be located on the page using the given search parameters\n\tat io.appium.uiautomator2.handler.FindElement.safeHandle(FindElement.java:70)\n\tat io.appium.uiautomator2.handler.request.SafeRequestHandler.handle(SafeRequestHandler.java:59)\n\tat io.appium.uiautomator2.server.AppiumServlet.handleRequest(AppiumServlet.java:266)\n\tat io.appium.uiautomator2.server.AppiumServlet.handleHttpRequest(AppiumServlet.java:260)\n\tat io.appium.uiautomator2.http.ServerHandler.channelRead(ServerHandler.java:68)\n\tat io.netty.channel.AbstractChannelHandlerContext.invokeChannelRead(AbstractChannelHandlerContext.java:366)\n\tat io.netty.channel.AbstractChannelHandlerContext.invokeChannelRead(AbstractChannelHandlerContext.java:352)\n\tat io.netty.chann...
[debug] [35m[W3C][39m Matched W3C error code 'no such element' to NoSuchElementError
[debug] [35m[WD Proxy][39m Matched '/screenshot' to command name 'getScreenshot'
[debug] [35m[WD Proxy][39m Proxying [GET /screenshot] to [GET http://127.0.0.1:8201/wd/hub/session/409377ba-23ee-4f82-ba0d-dfdb412ea966/screenshot] with no body
[debug] [35m[W3C (af9e0d14)][39m Encountered internal error running command: NoSuchElementError: An element could not be located on the page using the given search parameters.
[debug] [35m[W3C (af9e0d14)][39m     at AndroidUiautomator2Driver.findElOrEls (C:\Users\mekan\Documents\GitHub\mobile-testing1\node_modules\appium\node_modules\appium-android-driver\lib\commands\find.js:75:11)
[debug] [35m[W3C (af9e0d14)][39m     at processTicksAndRejections (node:internal/process/task_queues:96:5)
[debug] [35m[W3C (af9e0d14)][39m     at AndroidUiautomator2Driver.findElOrElsWithProcessing (C:\Users\mekan\Documents\GitHub\mobile-testing1\node_modules\appium\node_modules\appium-base-driver\lib\basedriver\commands\find.js:33:12)
[debug] [35m[W3C (af9e0d14)][39m     at AndroidUiautomator2Driver.findElement (C:\Users\mekan\Documents\GitHub\mobile-testing1\node_modules\appium\node_modules\appium-base-driver\lib\basedriver\commands\find.js:53:10)
[35m[HTTP][39m [37m<-- POST /session/af9e0d14-e2a5-4157-9f85-ebc75472fe43/element [39m[33m404[39m [90m114 ms - 919[39m
[35m[HTTP][39m [90m[39m
[35m[HTTP][39m [37m-->[39m [37mPOST[39m [37m/session/af9e0d14-e2a5-4157-9f85-ebc75472fe43/elements[39m
[35m[HTTP][39m [90m{"using":"accessibility id","value":"input-email"}[39m
[debug] [35m[W3C (af9e0d14)][39m Calling AppiumDriver.findElements() with args: ["accessibility id","input-email","af9e0d14-e2a5-4157-9f85-ebc75472fe43"]
[35m[HTTP][39m [37m-->[39m [37mGET[39m [37m/wd/hub/session/85000215-4208-43da-a6e3-02534bfaec1f/timeouts[39m
[35m[HTTP][39m [90m{}[39m
[debug] [35m[HTTP][39m No route found for /wd/hub/session/85000215-4208-43da-a6e3-02534bfaec1f/timeouts
[35m[HTTP][39m [37m<-- GET /wd/hub/session/85000215-4208-43da-a6e3-02534bfaec1f/timeouts [39m[33m404[39m [90m1 ms - 262[39m
[35m[HTTP][39m [90m[39m
[debug] [35m[WD Proxy][39m Got response with status 200: {"sessionId":"409377ba-23ee-4f82-ba0d-dfdb412ea966","value":"iVBORw0KGgoAAAANSUhEUgAABDgAAAeACAYAAAArYecKAAAAAXNSR0IArs4c6QAAAARzQklUCAgI\nCHwIZIgAACAASURBVHic7N15kJ3lYef733tOr9olQAiB0AaSjNgEslnM4tiGGNvgOE7gJqk7Tk3m\nzji5VUkqZd+xK1PFZKpSrpp/7KQyKTz+Y4JTMzfyHTIekDdwvAGOMQKxWAIJSYCEJNC+dqu7zznv\n/aOtDkISaOnthc+niiq6T5/3fY5aLen9nud9nuILX/hCGQAAAIAKq431AAAAAADOlsABAAAAVJ7A\nAQAAAFSewAEAAABUnsABAAAAVJ7AAQAAAFSewAEAAABUnsABAAAAVJ7AAQAAAFSewAEAAABUnsAB\nAAAAVF7bWA8AxlKtVsuUKVNy+eWXZ9GiRTn//PMzceLEJElPT0927NiR9evX5/nnn8/+/fvTarXG\neMQAAACcSPGFL3yhHOtBwGgqiiKzZs3KZz7zmVx44YWp1WopiuJtn1OWZcqyzLZt2/KP//iP2bp1\na8rSj854V6/Xc+655yZJdu3alWazOcYjAgAARorAwXvK9OnT88UvfjFJ3jFqnMzRsPGlL33JjI5x\nqqOjIzNnzszy5cvzvve9L0nywgsvZNWqVdmxY0f6+/vHeIQAAIym7u7uXHDBBZk9e3a6u7sze/bs\ndHV1DT1+5MiRbNu2Lb29vdm2bVu2b9+e3t7eMRzx2Zs9e3a2bds24ue488473/ZrHnrooREfx1Fu\nUeGkJk6cmKVLl2bevHknfHzLli1Zs2ZNDhw4MLoDOwPt7e35wz/8w1x44YVnHDaOOvr8u+++O//w\nD/8wHMNjmNRqtSxevDjXX3995s+fn87OzqHv1w033JBrrrkmL7/8cn7+859n3bp1AhUAwLvY9OnT\ns3Tp0ixdujQLFy58x69funTp...
[debug] [35m[WD Proxy][39m Matched '/screenshot' to command name 'getScreenshot'
[debug] [35m[WD Proxy][39m Proxying [GET /screenshot] to [GET http://127.0.0.1:8201/wd/hub/session/409377ba-23ee-4f82-ba0d-dfdb412ea966/screenshot] with no body
[debug] [35m[W3C (af9e0d14)][39m Responding to client with driver.getScreenshot() result: "iVBORw0KGgoAAAANSUhEUgAABDgAAAeACAYAAAArYecKAAAAAXNSR0IArs4c6QAAAARzQklUCAgI\nCHwIZIgAACAASURBVHic7N15kJ3lYef733tOr9olQAiB0AaSjNgEslnM4tiGGNvgOE7gJqk7Tk3m\nzji5VUkqZd+xK1PFZKpSrpp/7KQyKTz+Y4JTMzfyHTIekDdwvAGOMQKxWAIJSYCEJNC+dqu7zznv\n/aOtDkISaOnthc+niiq6T5/3fY5aLen9nud9nuILX/hCGQAAAIAKq431AAAAAADOlsABAAAAVJ7A\nAQAAAFSewAEAAABUnsABAAAAVJ7AAQAAAFSewAEAAABUnsABAAAAVJ7AAQAAAFSewAEAAABUnsAB\nAAAAVF7bWA8AxlKtVsuUKVNy+eWXZ9GiRTn//PMzceLEJElPT0927NiR9evX5/nnn8/+/fvTarXG\neMQAAACcSPGFL3yhHOtBwGgqiiKzZs3KZz7zmVx44YWp1WopiuJtn1OWZcqyzLZt2/KP//iP2bp1\na8rSj854V6/Xc+655yZJdu3alWazOcYjAgAARorAwXvK9OnT88UvfjFJ3jFqnMzRsPGlL33JjI5x\nqqOjIzNnzszy5cvzvve9L0nywgsvZNWqVdmxY0f6+/vHeIQAAIym7u7uXHDBBZk9e3a6u7sze/bs\ndHV1DT1+5MiRbNu2Lb29vdm2bVu2b9+e3t7eMRzx2Zs9e3a2bds24ue488473/ZrHnrooREfx1Fu\nUeGkJk6cmKVLl2bevHknfHzLli1Zs2ZNDhw4MLoDOwPt7e35wz/8w1x44YVnHDaOOvr8u+++O//w\nD/8wHMNjmNRqtSxevDjXX3995s+fn87OzqHv1w033JBrrrkmL7/8cn7+859n3bp1AhUAwLvY9OnT\ns3Tp0ixdujQLFy58x69funTpMR9v3Lgxa9asyZo1a7J3796RGuaIWL58eZYvX5777rtvRM/T3d39\njr+23d...
[35m[HTTP][39m [37m<-- GET /session/af9e0d14-e2a5-4157-9f85-ebc75472fe43/screenshot [39m[32m200[39m [90m529 ms - 216052[39m
[35m[HTTP][39m [90m[39m
[debug] [35m[WD Proxy][39m Got response with status 200: {"sessionId":"409377ba-23ee-4f82-ba0d-dfdb412ea966","value":"iVBORw0KGgoAAAANSUhEUgAABDgAAAeACAYAAAArYecKAAAAAXNSR0IArs4c6QAAAARzQklUCAgI\nCHwIZIgAACAASURBVHic7N15XNVV4v/x92VHEAEVFVdccd8o9yW31HLfqvm2m9ne2GY1M9a0Tc1M\n+2I1M2XNNGFZpmSmpqVWWu6KCoIWKigoItsFvHB/f/iD0bj3coG78MHX8/HwDz7nc885V/jcez/v\nexbTQw89ZBUAAAAAAICB+Xi7AwAAAAAAALVFwAEAAAAAAAyPgAMAAAAAABgeAQcAAAAAADA8Ag4A\nAAAAAGB4BBwAAAAAAMDwCDgAAAAAAIDhEXAAAAAAAADDI+AAAAAAAACGR8ABAAAAAAAMj4ADAAAA\nAAAYnp+3OwB4k4+Pj8LCwtSjRw917txZzZo1U0hIiCSpsLBQmZmZSk5O1t69e3X27FmVlZV5uccA\nAAAAAFtMDz30kNXbnQA8yWQyqXnz5poxY4ZatmwpHx8fmUwmh4+xWq2yWq1KT0/XZ599puPHj8tq\n5dKp63x9fdWkSRNJ0qlTp1RaWurlHgEAAABwFwIOXFIiIiK0cOFCSaoy1LCnPNh49NFHGdFRRwUE\nBCgqKkpxcXHq2rWrJOnAgQPatm2bMjMzVVJS4uUeAgAAwJOCg4PVokULRUdHKzg4WNHR0QoKCqoo\nLyoqUnp6usxms9LT05WRkSGz2ezFHtdedHS00tPT3d7GpEmTHJ6zcuVKt/ejHFNUYFdISIi6d++u\ndu3a2Sw/evSoEhMTlZub69mO1YC/v7/uuOMOtWzZssbBRrnyx8+ePVsff/yxK7oHF/Hx8VGXLl00\ncOBAxcTEKDAwsOL3NWjQIPXr109HjhzRli1blJSUREAFAABQj0VERKh79+7q3r27OnToUOX53bt3\nv+jn1NRUJSYmKjExUWfOnHFX...
[debug] [35m[BaseDriver][39m Valid locator strategies for this request: xpath, id, class name, accessibility id, css selector, -android uiautomator
[debug] [35m[BaseDriver][39m Waiting up to 0 ms for condition
[debug] [35m[WD Proxy][39m Matched '/elements' to command name 'findElements'
[debug] [35m[WD Proxy][39m Proxying [POST /elements] to [POST http://127.0.0.1:8201/wd/hub/session/409377ba-23ee-4f82-ba0d-dfdb412ea966/elements] with body: {"strategy":"accessibility id","selector":"input-email","context":"","multiple":true}
[debug] [35m[W3C (af9e0d14)][39m Responding to client with driver.getScreenshot() result: "iVBORw0KGgoAAAANSUhEUgAABDgAAAeACAYAAAArYecKAAAAAXNSR0IArs4c6QAAAARzQklUCAgI\nCHwIZIgAACAASURBVHic7N15XNVV4v/x92VHEAEVFVdccd8o9yW31HLfqvm2m9ne2GY1M9a0Tc1M\n+2I1M2XNNGFZpmSmpqVWWu6KCoIWKigoItsFvHB/f/iD0bj3coG78MHX8/HwDz7nc885V/jcez/v\nexbTQw89ZBUAAAAAAICB+Xi7AwAAAAAAALVFwAEAAAAAAAyPgAMAAAAAABgeAQcAAAAAADA8Ag4A\nAAAAAGB4BBwAAAAAAMDwCDgAAAAAAIDhEXAAAAAAAADDI+AAAAAAAACGR8ABAAAAAAAMj4ADAAAA\nAAAYnp+3OwB4k4+Pj8LCwtSjRw917txZzZo1U0hIiCSpsLBQmZmZSk5O1t69e3X27FmVlZV5uccA\nAAAAAFtMDz30kNXbnQA8yWQyqXnz5poxY4ZatmwpHx8fmUwmh4+xWq2yWq1KT0/XZ599puPHj8tq\n5dKp63x9fdWkSRNJ0qlTp1RaWurlHgEAAABwFwIOXFIiIiK0cOFCSaoy1LCnPNh49NFHGdFRRwUE\nBCgqKkpxcXHq2rWrJOnAgQPatm2bMjMzVVJS4uUeAgAAwJOCg4PVokULRUdHKzg4WNHR0QoKCqoo\nLyoqUnp6usxms9LT05WRkSGz2ezFHtdedHS00tPT3d7GpEmTHJ6zcuVKt/ejHFNUYFdISIi6d++u\ndu3a2Sw/evSoEhMTlZub69mO1YC/v7/uuOMOtWzZssbBRrnyx8+ePVsff/yxK7oHF/Hx8VGXLl00\ncOBAxcTEKDAwsOL3NWjQIPXr109HjhzRli1blJSUREAFAABQj0VERKh79+7q3r27OnToUOX53bt3\nv+jn1NRUJSYmKjExUWfOnHFXN90iLi5OcXFxWrx4sVvbCQ4OrvL/Njg42K19uBABB+xq2bKl+vXr\np1atWt...
[35m[HTTP][39m [37m<-- GET /session/af9e0d14-e2a5-4157-9f85-ebc75472fe43/screenshot [39m[32m200[39m [90m896 ms - 167322[39m
[35m[HTTP][39m [90m[39m
[debug] [35m[WD Proxy][39m Got response with status 200: {"sessionId":"409377ba-23ee-4f82-ba0d-dfdb412ea966","value":[{"ELEMENT":"00000000-0000-00cd-ffff-ffff00000053","element-6066-11e4-a52e-4f735466cecf":"00000000-0000-00cd-ffff-ffff00000053"}]}
[debug] [35m[W3C (af9e0d14)][39m Responding to client with driver.findElements() result: [{"element-6066-11e4-a52e-4f735466cecf":"00000000-0000-00cd-ffff-ffff00000053","ELEMENT":"00000000-0000-00cd-ffff-ffff00000053"}]
[35m[HTTP][39m [37m<-- POST /session/af9e0d14-e2a5-4157-9f85-ebc75472fe43/elements [39m[32m200[39m [90m857 ms - 139[39m
[35m[HTTP][39m [90m[39m
[35m[HTTP][39m [37m-->[39m [37mPOST[39m [37m/session/af9e0d14-e2a5-4157-9f85-ebc75472fe43/element[39m
[35m[HTTP][39m [90m{"using":"accessibility id","value":"input-email"}[39m
[debug] [35m[W3C (af9e0d14)][39m Calling AppiumDriver.findElement() with args: ["accessibility id","input-email","af9e0d14-e2a5-4157-9f85-ebc75472fe43"]
[debug] [35m[BaseDriver][39m Valid locator strategies for this request: xpath, id, class name, accessibility id, css selector, -android uiautomator
[debug] [35m[BaseDriver][39m Waiting up to 0 ms for condition
[debug] [35m[WD Proxy][39m Matched '/element' to command name 'findElement'
[debug] [35m[WD Proxy][39m Proxying [POST /element] to [POST http://127.0.0.1:8201/wd/hub/session/409377ba-23ee-4f82-ba0d-dfdb412ea966/element] with body: {"strategy":"accessibility id","selector":"input-email","context":"","multiple":false}
[debug] [35m[WD Proxy][39m Got response with status 200: {"sessionId":"409377ba-23ee-4f82-ba0d-dfdb412ea966","value":{"ELEMENT":"00000000-0000-00cd-ffff-ffff00000053","element-6066-11e4-a52e-4f735466cecf":"00000000-0000-00cd-ffff-ffff00000053"}}
[debug] [35m[W3C (af9e0d14)][39m Responding to client with driver.findElement() result: {"element-6066-11e4-a52e-4f735466cecf":"00000000-0000-00cd-ffff-ffff00000053","ELEMENT":"00000000-0000-00cd-ffff-ffff00000053"}
[35m[HTTP][39m [37m<-- POST /session/af9e0d14-e2a5-4157-9f85-ebc75472fe43/element [39m[32m200[39m [90m43 ms - 137[39m
[35m[HTTP][39m [90m[39m
[35m[HTTP][39m [37m-->[39m [37mPOST[39m [37m/session/af9e0d14-e2a5-4157-9f85-ebc75472fe43/element/00000000-0000-00cd-ffff-ffff00000053/clear[39m
[35m[HTTP][39m [90m{}[39m
[debug] [35m[W3C (af9e0d14)][39m Calling AppiumDriver.clear() with args: ["00000000-0000-00cd-ffff-ffff00000053","af9e0d14-e2a5-4157-9f85-ebc75472fe43"]
[debug] [35m[WD Proxy][39m Matched '/element/00000000-0000-00cd-ffff-ffff00000053/clear' to command name 'clear'
[debug] [35m[WD Proxy][39m Proxying [POST /element/00000000-0000-00cd-ffff-ffff00000053/clear] to [POST http://127.0.0.1:8201/wd/hub/session/409377ba-23ee-4f82-ba0d-dfdb412ea966/element/00000000-0000-00cd-ffff-ffff00000053/clear] with body: {"elementId":"00000000-0000-00cd-ffff-ffff00000053"}
[debug] [35m[WD Proxy][39m Got response with status 200: {"sessionId":"409377ba-23ee-4f82-ba0d-dfdb412ea966","value":null}
[debug] [35m[W3C (af9e0d14)][39m Responding to client with driver.clear() result: null
[35m[HTTP][39m [37m<-- POST /session/af9e0d14-e2a5-4157-9f85-ebc75472fe43/element/00000000-0000-00cd-ffff-ffff00000053/clear [39m[32m200[39m [90m31 ms - 14[39m
[35m[HTTP][39m [90m[39m
[35m[HTTP][39m [37m-->[39m [37mPOST[39m [37m/session/af9e0d14-e2a5-4157-9f85-ebc75472fe43/element/00000000-0000-00cd-ffff-ffff00000053/value[39m
[35m[HTTP][39m [90m{"text":"someemail@someemail.xxx"}[39m
[debug] [35m[W3C (af9e0d14)][39m Calling AppiumDriver.setValue() with args: ["someemail@someemail.xxx","00000000-0000-00cd-ffff-ffff00000053","af9e0d14-e2a5-4157-9f85-ebc75472fe43"]
[debug] [35m[WD Proxy][39m Matched '/element/00000000-0000-00cd-ffff-ffff00000053/value' to command name 'setValue'
[debug] [35m[Protocol Converter][39m Added 'value' property ["s","o","m","e","e","m","a","i","l","@","s","o","m","e","e","m","a","i","l",".","x","x","x"] to 'setValue' request body
[debug] [35m[WD Proxy][39m Proxying [POST /element/00000000-0000-00cd-ffff-ffff00000053/value] to [POST http://127.0.0.1:8201/wd/hub/session/409377ba-23ee-4f82-ba0d-dfdb412ea966/element/00000000-0000-00cd-ffff-ffff00000053/value] with body: {"elementId":"00000000-0000-00cd-ffff-ffff00000053","text":"someemail@someemail.xxx","replace":false,"value":["s","o","m","e","e","m","a","i","l","@","s","o","m","e","e","m","a","i","l",".","x","x","x"]}
[debug] [35m[WD Proxy][39m Got response with status 200: {"sessionId":"409377ba-23ee-4f82-ba0d-dfdb412ea966","value":null}
[debug] [35m[W3C (af9e0d14)][39m Responding to client with driver.setValue() result: null
[35m[HTTP][39m [37m<-- POST /session/af9e0d14-e2a5-4157-9f85-ebc75472fe43/element/00000000-0000-00cd-ffff-ffff00000053/value [39m[32m200[39m [90m1012 ms - 14[39m
[35m[HTTP][39m [90m[39m
[35m[HTTP][39m [37m-->[39m [37mPOST[39m [37m/session/af9e0d14-e2a5-4157-9f85-ebc75472fe43/element[39m
[35m[HTTP][39m [90m{"using":"accessibility id","value":"input-password"}[39m
[debug] [35m[W3C (af9e0d14)][39m Calling AppiumDriver.findElement() with args: ["accessibility id","input-password","af9e0d14-e2a5-4157-9f85-ebc75472fe43"]
[debug] [35m[BaseDriver][39m Valid locator strategies for this request: xpath, id, class name, accessibility id, css selector, -android uiautomator
[debug] [35m[BaseDriver][39m Waiting up to 0 ms for condition
[debug] [35m[WD Proxy][39m Matched '/element' to command name 'findElement'
[debug] [35m[WD Proxy][39m Proxying [POST /element] to [POST http://127.0.0.1:8201/wd/hub/session/409377ba-23ee-4f82-ba0d-dfdb412ea966/element] with body: {"strategy":"accessibility id","selector":"input-password","context":"","multiple":false}
[debug] [35m[WD Proxy][39m Got response with status 200: {"sessionId":"409377ba-23ee-4f82-ba0d-dfdb412ea966","value":{"ELEMENT":"00000000-0000-00cd-ffff-ffff00000057","element-6066-11e4-a52e-4f735466cecf":"00000000-0000-00cd-ffff-ffff00000057"}}
[debug] [35m[W3C (af9e0d14)][39m Responding to client with driver.findElement() result: {"element-6066-11e4-a52e-4f735466cecf":"00000000-0000-00cd-ffff-ffff00000057","ELEMENT":"00000000-0000-00cd-ffff-ffff00000057"}
[35m[HTTP][39m [37m<-- POST /session/af9e0d14-e2a5-4157-9f85-ebc75472fe43/element [39m[32m200[39m [90m607 ms - 137[39m
[35m[HTTP][39m [90m[39m
[35m[HTTP][39m [37m-->[39m [37mPOST[39m [37m/session/af9e0d14-e2a5-4157-9f85-ebc75472fe43/element/00000000-0000-00cd-ffff-ffff00000057/clear[39m
[35m[HTTP][39m [90m{}[39m
[debug] [35m[W3C (af9e0d14)][39m Calling AppiumDriver.clear() with args: ["00000000-0000-00cd-ffff-ffff00000057","af9e0d14-e2a5-4157-9f85-ebc75472fe43"]
[debug] [35m[WD Proxy][39m Matched '/element/00000000-0000-00cd-ffff-ffff00000057/clear' to command name 'clear'
[debug] [35m[WD Proxy][39m Proxying [POST /element/00000000-0000-00cd-ffff-ffff00000057/clear] to [POST http://127.0.0.1:8201/wd/hub/session/409377ba-23ee-4f82-ba0d-dfdb412ea966/element/00000000-0000-00cd-ffff-ffff00000057/clear] with body: {"elementId":"00000000-0000-00cd-ffff-ffff00000057"}
[debug] [35m[WD Proxy][39m Got response with status 200: {"sessionId":"409377ba-23ee-4f82-ba0d-dfdb412ea966","value":null}
[debug] [35m[W3C (af9e0d14)][39m Responding to client with driver.clear() result: null
[35m[HTTP][39m [37m<-- POST /session/af9e0d14-e2a5-4157-9f85-ebc75472fe43/element/00000000-0000-00cd-ffff-ffff00000057/clear [39m[32m200[39m [90m23 ms - 14[39m
[35m[HTTP][39m [90m[39m
[35m[HTTP][39m [37m-->[39m [37mPOST[39m [37m/session/af9e0d14-e2a5-4157-9f85-ebc75472fe43/element/00000000-0000-00cd-ffff-ffff00000057/value[39m
[35m[HTTP][39m [90m{"text":"password"}[39m
[debug] [35m[W3C (af9e0d14)][39m Calling AppiumDriver.setValue() with args: ["password","00000000-0000-00cd-ffff-ffff00000057","af9e0d14-e2a5-4157-9f85-ebc75472fe43"]
[debug] [35m[WD Proxy][39m Matched '/element/00000000-0000-00cd-ffff-ffff00000057/value' to command name 'setValue'
[debug] [35m[Protocol Converter][39m Added 'value' property ["p","a","s","s","w","o","r","d"] to 'setValue' request body
[debug] [35m[WD Proxy][39m Proxying [POST /element/00000000-0000-00cd-ffff-ffff00000057/value] to [POST http://127.0.0.1:8201/wd/hub/session/409377ba-23ee-4f82-ba0d-dfdb412ea966/element/00000000-0000-00cd-ffff-ffff00000057/value] with body: {"elementId":"00000000-0000-00cd-ffff-ffff00000057","text":"password","replace":false,"value":["p","a","s","s","w","o","r","d"]}
[debug] [35m[WD Proxy][39m Got response with status 200: {"sessionId":"409377ba-23ee-4f82-ba0d-dfdb412ea966","value":null}
[debug] [35m[W3C (af9e0d14)][39m Responding to client with driver.setValue() result: null
[35m[HTTP][39m [37m<-- POST /session/af9e0d14-e2a5-4157-9f85-ebc75472fe43/element/00000000-0000-00cd-ffff-ffff00000057/value [39m[32m200[39m [90m530 ms - 14[39m
[35m[HTTP][39m [90m[39m
[35m[HTTP][39m [37m-->[39m [37mPOST[39m [37m/session/af9e0d14-e2a5-4157-9f85-ebc75472fe43/element[39m
[35m[HTTP][39m [90m{"using":"accessibility id","value":"button-LOGIN"}[39m
[debug] [35m[W3C (af9e0d14)][39m Calling AppiumDriver.findElement() with args: ["accessibility id","button-LOGIN","af9e0d14-e2a5-4157-9f85-ebc75472fe43"]
[debug] [35m[BaseDriver][39m Valid locator strategies for this request: xpath, id, class name, accessibility id, css selector, -android uiautomator
[debug] [35m[BaseDriver][39m Waiting up to 0 ms for condition
[debug] [35m[WD Proxy][39m Matched '/element' to command name 'findElement'
[debug] [35m[WD Proxy][39m Proxying [POST /element] to [POST http://127.0.0.1:8201/wd/hub/session/409377ba-23ee-4f82-ba0d-dfdb412ea966/element] with body: {"strategy":"accessibility id","selector":"button-LOGIN","context":"","multiple":false}
[debug] [35m[WD Proxy][39m Got response with status 200: {"sessionId":"409377ba-23ee-4f82-ba0d-dfdb412ea966","value":{"ELEMENT":"00000000-0000-00cd-ffff-ffff0000005a","element-6066-11e4-a52e-4f735466cecf":"00000000-0000-00cd-ffff-ffff0000005a"}}
[debug] [35m[W3C (af9e0d14)][39m Responding to client with driver.findElement() result: {"element-6066-11e4-a52e-4f735466cecf":"00000000-0000-00cd-ffff-ffff0000005a","ELEMENT":"00000000-0000-00cd-ffff-ffff0000005a"}
[35m[HTTP][39m [37m<-- POST /session/af9e0d14-e2a5-4157-9f85-ebc75472fe43/element [39m[32m200[39m [90m617 ms - 137[39m
[35m[HTTP][39m [90m[39m
[35m[HTTP][39m [37m-->[39m [37mPOST[39m [37m/session/af9e0d14-e2a5-4157-9f85-ebc75472fe43/touch/perform[39m
[35m[HTTP][39m [90m{"actions":[{"action":"tap","options":{"element":"00000000-0000-00cd-ffff-ffff0000005a"}}]}[39m
[debug] [35m[W3C (af9e0d14)][39m Calling AppiumDriver.performTouch() with args: [[{"action":"tap","options":{"element":"00000000-0000-00cd-ffff-ffff0000005a"}}],"af9e0d14-e2a5-4157-9f85-ebc75472fe43"]
[35m[UiAutomator2][39m calling get location: 00000000-0000-00cd-ffff-ffff0000005a
[debug] [35m[WD Proxy][39m Matched '/element/00000000-0000-00cd-ffff-ffff0000005a/location' to command name 'getLocation'
[debug] [35m[WD Proxy][39m Proxying [GET /element/00000000-0000-00cd-ffff-ffff0000005a/location] to [GET http://127.0.0.1:8201/wd/hub/session/409377ba-23ee-4f82-ba0d-dfdb412ea966/element/00000000-0000-00cd-ffff-ffff0000005a/location] with no body
[debug] [35m[WD Proxy][39m Got response with status 200: {"sessionId":"409377ba-23ee-4f82-ba0d-dfdb412ea966","value":{"x":277,"y":1374}}
[debug] [35m[WD Proxy][39m Matched '/element/00000000-0000-00cd-ffff-ffff0000005a/size' to command name 'getSize'
[debug] [35m[WD Proxy][39m Proxying [GET /element/00000000-0000-00cd-ffff-ffff0000005a/size] to [GET http://127.0.0.1:8201/wd/hub/session/409377ba-23ee-4f82-ba0d-dfdb412ea966/element/00000000-0000-00cd-ffff-ffff0000005a/size] with no body
[debug] [35m[WD Proxy][39m Got response with status 200: {"sessionId":"409377ba-23ee-4f82-ba0d-dfdb412ea966","value":{"height":131,"width":525}}
[debug] [35m[WD Proxy][39m Proxying [POST /appium/tap] to [POST http://127.0.0.1:8201/wd/hub/session/409377ba-23ee-4f82-ba0d-dfdb412ea966/appium/tap] with body: {"x":539.5,"y":1439.5,"undefined":null}
[debug] [35m[WD Proxy][39m Got response with status 200: {"sessionId":"409377ba-23ee-4f82-ba0d-dfdb412ea966","value":null}
[debug] [35m[W3C (af9e0d14)][39m Responding to client with driver.performTouch() result: null
[35m[HTTP][39m [37m<-- POST /session/af9e0d14-e2a5-4157-9f85-ebc75472fe43/touch/perform [39m[32m200[39m [90m214 ms - 14[39m
[35m[HTTP][39m [90m[39m
[35m[HTTP][39m [37m-->[39m [37mPOST[39m [37m/session/af9e0d14-e2a5-4157-9f85-ebc75472fe43/appium/app/close[39m
[35m[HTTP][39m [90m{}[39m
[debug] [35m[W3C (af9e0d14)][39m Calling AppiumDriver.closeApp() with args: ["af9e0d14-e2a5-4157-9f85-ebc75472fe43"]
[debug] [35m[ADB][39m Running 'c:\Users\mekan\AppData\Local\Android\Sdk\platform-tools\adb.exe -P 5037 -s emulator-5554 shell am force-stop com.wdiodemoapp'
[35m[HTTP][39m [37m-->[39m [37mGET[39m [37m/session/af9e0d14-e2a5-4157-9f85-ebc75472fe43/screenshot[39m
[35m[HTTP][39m [90m{}[39m
[debug] [35m[W3C (af9e0d14)][39m Calling AppiumDriver.getScreenshot() with args: ["af9e0d14-e2a5-4157-9f85-ebc75472fe43"]
[35m[HTTP][39m [37m-->[39m [37mGET[39m [37m/session/af9e0d14-e2a5-4157-9f85-ebc75472fe43/screenshot[39m
[35m[HTTP][39m [90m{}[39m
[debug] [35m[W3C (af9e0d14)][39m Calling AppiumDriver.getScreenshot() with args: ["af9e0d14-e2a5-4157-9f85-ebc75472fe43"]
[debug] [35m[WD Proxy][39m Matched '/screenshot' to command name 'getScreenshot'
[debug] [35m[WD Proxy][39m Proxying [GET /screenshot] to [GET http://127.0.0.1:8201/wd/hub/session/409377ba-23ee-4f82-ba0d-dfdb412ea966/screenshot] with no body
[debug] [35m[W3C (af9e0d14)][39m Responding to client with driver.closeApp() result: null
[35m[HTTP][39m [37m<-- POST /session/af9e0d14-e2a5-4157-9f85-ebc75472fe43/appium/app/close [39m[32m200[39m [90m164 ms - 14[39m
[35m[HTTP][39m [90m[39m
[35m[HTTP][39m [37m-->[39m [37mDELETE[39m [37m/session/af9e0d14-e2a5-4157-9f85-ebc75472fe43[39m
[35m[HTTP][39m [90m{}[39m
[debug] [35m[W3C (af9e0d14)][39m Calling AppiumDriver.deleteSession() with args: ["af9e0d14-e2a5-4157-9f85-ebc75472fe43"]
[debug] [35m[BaseDriver][39m Event 'quitSessionRequested' logged at 1642716676928 (16:11:16 GMT-0600 (Central Standard Time))
[35m[Appium][39m Removing session af9e0d14-e2a5-4157-9f85-ebc75472fe43 from our master session list
[debug] [35m[UiAutomator2][39m Deleting UiAutomator2 session
[debug] [35m[UiAutomator2][39m Deleting UiAutomator2 server session
[debug] [35m[WD Proxy][39m Matched '/' to command name 'deleteSession'
[debug] [35m[WD Proxy][39m Proxying [DELETE /] to [DELETE http://127.0.0.1:8201/wd/hub/session/409377ba-23ee-4f82-ba0d-dfdb412ea966] with no body
[35m[HTTP][39m [37m-->[39m [37mGET[39m [37m/session/af9e0d14-e2a5-4157-9f85-ebc75472fe43/screenshot[39m
[35m[HTTP][39m [90m{}[39m
[debug] [35m[W3C (af9e0d14)][39m Encountered internal error running command: NoSuchDriverError: A session is either terminated or not started
[debug] [35m[W3C (af9e0d14)][39m     at asyncHandler (C:\Users\mekan\Documents\GitHub\mobile-testing1\node_modules\appium\node_modules\appium-base-driver\lib\protocol\protocol.js:243:15)
[debug] [35m[W3C (af9e0d14)][39m     at C:\Users\mekan\Documents\GitHub\mobile-testing1\node_modules\appium\node_modules\appium-base-driver\lib\protocol\protocol.js:423:15
[debug] [35m[W3C (af9e0d14)][39m     at Layer.handle [as handle_request] (C:\Users\mekan\Documents\GitHub\mobile-testing1\node_modules\appium\node_modules\express\lib\router\layer.js:95:5)
[debug] [35m[W3C (af9e0d14)][39m     at next (C:\Users\mekan\Documents\GitHub\mobile-testing1\node_modules\appium\node_modules\express\lib\router\route.js:137:13)
[debug] [35m[W3C (af9e0d14)][39m     at Route.dispatch (C:\Users\mekan\Documents\GitHub\mobile-testing1\node_modules\appium\node_modules\express\lib\router\route.js:112:3)
[debug] [35m[W3C (af9e0d14)][39m     at Layer.handle [as handle_request] (C:\Users\mekan\Documents\GitHub\mobile-testing1\node_modules\appium\node_modules\express\lib\router\layer.js:95:5)
[debug] [35m[W3C (af9e0d14)][39m     at C:\Users\mekan\Documents\GitHub\mobile-testing1\node_modules\appium\node_modules\express\lib\router\index.js:281:22
[debug] [35m[W3C (af9e0d14)][39m     at param (C:\Users\mekan\Documents\GitHub\mobile-testing1\node_modules\appium\node_modules\express\lib\router\index.js:354:14)
[debug] [35m[W3C (af9e0d14)][39m     at param (C:\Users\mekan\Documents\GitHub\mobile-testing1\node_modules\appium\node_modules\express\lib\router\index.js:365:14)
[debug] [35m[W3C (af9e0d14)][39m     at Function.process_params (C:\Users\mekan\Documents\GitHub\mobile-testing1\node_modules\appium\node_modules\express\lib\router\index.js:410:3)
[debug] [35m[W3C (af9e0d14)][39m     at next (C:\Users\mekan\Documents\GitHub\mobile-testing1\node_modules\appium\node_modules\express\lib\router\index.js:275:10)
[debug] [35m[W3C (af9e0d14)][39m     at logger (C:\Users\mekan\Documents\GitHub\mobile-testing1\node_modules\appium\node_modules\morgan\index.js:144:5)
[debug] [35m[W3C (af9e0d14)][39m     at Layer.handle [as handle_request] (C:\Users\mekan\Documents\GitHub\mobile-testing1\node_modules\appium\node_modules\express\lib\router\layer.js:95:5)
[debug] [35m[W3C (af9e0d14)][39m     at trim_prefix (C:\Users\mekan\Documents\GitHub\mobile-testing1\node_modules\appium\node_modules\express\lib\router\index.js:317:13)
[debug] [35m[W3C (af9e0d14)][39m     at C:\Users\mekan\Documents\GitHub\mobile-testing1\node_modules\appium\node_modules\express\lib\router\index.js:284:7
[debug] [35m[W3C (af9e0d14)][39m     at Function.process_params (C:\Users\mekan\Documents\GitHub\mobile-testing1\node_modules\appium\node_modules\express\lib\router\index.js:335:12)
[35m[HTTP][39m [37m<-- GET /session/af9e0d14-e2a5-4157-9f85-ebc75472fe43/screenshot [39m[33m404[39m [90m65 ms - 2604[39m
[35m[HTTP][39m [90m[39m
[35m[HTTP][39m [37m-->[39m [37mGET[39m [37m/session/af9e0d14-e2a5-4157-9f85-ebc75472fe43/screenshot[39m
[35m[HTTP][39m [90m{}[39m
[debug] [35m[W3C (af9e0d14)][39m Encountered internal error running command: NoSuchDriverError: A session is either terminated or not started
[debug] [35m[W3C (af9e0d14)][39m     at asyncHandler (C:\Users\mekan\Documents\GitHub\mobile-testing1\node_modules\appium\node_modules\appium-base-driver\lib\protocol\protocol.js:243:15)
[debug] [35m[W3C (af9e0d14)][39m     at C:\Users\mekan\Documents\GitHub\mobile-testing1\node_modules\appium\node_modules\appium-base-driver\lib\protocol\protocol.js:423:15
[debug] [35m[W3C (af9e0d14)][39m     at Layer.handle [as handle_request] (C:\Users\mekan\Documents\GitHub\mobile-testing1\node_modules\appium\node_modules\express\lib\router\layer.js:95:5)
[debug] [35m[W3C (af9e0d14)][39m     at next (C:\Users\mekan\Documents\GitHub\mobile-testing1\node_modules\appium\node_modules\express\lib\router\route.js:137:13)
[debug] [35m[W3C (af9e0d14)][39m     at Route.dispatch (C:\Users\mekan\Documents\GitHub\mobile-testing1\node_modules\appium\node_modules\express\lib\router\route.js:112:3)
[debug] [35m[W3C (af9e0d14)][39m     at Layer.handle [as handle_request] (C:\Users\mekan\Documents\GitHub\mobile-testing1\node_modules\appium\node_modules\express\lib\router\layer.js:95:5)
[debug] [35m[W3C (af9e0d14)][39m     at C:\Users\mekan\Documents\GitHub\mobile-testing1\node_modules\appium\node_modules\express\lib\router\index.js:281:22
[debug] [35m[W3C (af9e0d14)][39m     at param (C:\Users\mekan\Documents\GitHub\mobile-testing1\node_modules\appium\node_modules\express\lib\router\index.js:354:14)
[debug] [35m[W3C (af9e0d14)][39m     at param (C:\Users\mekan\Documents\GitHub\mobile-testing1\node_modules\appium\node_modules\express\lib\router\index.js:365:14)
[debug] [35m[W3C (af9e0d14)][39m     at Function.process_params (C:\Users\mekan\Documents\GitHub\mobile-testing1\node_modules\appium\node_modules\express\lib\router\index.js:410:3)
[debug] [35m[W3C (af9e0d14)][39m     at next (C:\Users\mekan\Documents\GitHub\mobile-testing1\node_modules\appium\node_modules\express\lib\router\index.js:275:10)
[debug] [35m[W3C (af9e0d14)][39m     at logger (C:\Users\mekan\Documents\GitHub\mobile-testing1\node_modules\appium\node_modules\morgan\index.js:144:5)
[debug] [35m[W3C (af9e0d14)][39m     at Layer.handle [as handle_request] (C:\Users\mekan\Documents\GitHub\mobile-testing1\node_modules\appium\node_modules\express\lib\router\layer.js:95:5)
[debug] [35m[W3C (af9e0d14)][39m     at trim_prefix (C:\Users\mekan\Documents\GitHub\mobile-testing1\node_modules\appium\node_modules\express\lib\router\index.js:317:13)
[debug] [35m[W3C (af9e0d14)][39m     at C:\Users\mekan\Documents\GitHub\mobile-testing1\node_modules\appium\node_modules\express\lib\router\index.js:284:7
[debug] [35m[W3C (af9e0d14)][39m     at Function.process_params (C:\Users\mekan\Documents\GitHub\mobile-testing1\node_modules\appium\node_modules\express\lib\router\index.js:335:12)
[35m[HTTP][39m [37m<-- GET /session/af9e0d14-e2a5-4157-9f85-ebc75472fe43/screenshot [39m[33m404[39m [90m7 ms - 2604[39m
[35m[HTTP][39m [90m[39m
[35m[HTTP][39m [37m-->[39m [37mGET[39m [37m/session/af9e0d14-e2a5-4157-9f85-ebc75472fe43/screenshot[39m
[35m[HTTP][39m [90m{}[39m
[debug] [35m[W3C (af9e0d14)][39m Encountered internal error running command: NoSuchDriverError: A session is either terminated or not started
[debug] [35m[W3C (af9e0d14)][39m     at asyncHandler (C:\Users\mekan\Documents\GitHub\mobile-testing1\node_modules\appium\node_modules\appium-base-driver\lib\protocol\protocol.js:243:15)
[debug] [35m[W3C (af9e0d14)][39m     at C:\Users\mekan\Documents\GitHub\mobile-testing1\node_modules\appium\node_modules\appium-base-driver\lib\protocol\protocol.js:423:15
[debug] [35m[W3C (af9e0d14)][39m     at Layer.handle [as handle_request] (C:\Users\mekan\Documents\GitHub\mobile-testing1\node_modules\appium\node_modules\express\lib\router\layer.js:95:5)
[debug] [35m[W3C (af9e0d14)][39m     at next (C:\Users\mekan\Documents\GitHub\mobile-testing1\node_modules\appium\node_modules\express\lib\router\route.js:137:13)
[debug] [35m[W3C (af9e0d14)][39m     at Route.dispatch (C:\Users\mekan\Documents\GitHub\mobile-testing1\node_modules\appium\node_modules\express\lib\router\route.js:112:3)
[debug] [35m[W3C (af9e0d14)][39m     at Layer.handle [as handle_request] (C:\Users\mekan\Documents\GitHub\mobile-testing1\node_modules\appium\node_modules\express\lib\router\layer.js:95:5)
[debug] [35m[W3C (af9e0d14)][39m     at C:\Users\mekan\Documents\GitHub\mobile-testing1\node_modules\appium\node_modules\express\lib\router\index.js:281:22
[debug] [35m[W3C (af9e0d14)][39m     at param (C:\Users\mekan\Documents\GitHub\mobile-testing1\node_modules\appium\node_modules\express\lib\router\index.js:354:14)
[debug] [35m[W3C (af9e0d14)][39m     at param (C:\Users\mekan\Documents\GitHub\mobile-testing1\node_modules\appium\node_modules\express\lib\router\index.js:365:14)
[debug] [35m[W3C (af9e0d14)][39m     at Function.process_params (C:\Users\mekan\Documents\GitHub\mobile-testing1\node_modules\appium\node_modules\express\lib\router\index.js:410:3)
[debug] [35m[W3C (af9e0d14)][39m     at next (C:\Users\mekan\Documents\GitHub\mobile-testing1\node_modules\appium\node_modules\express\lib\router\index.js:275:10)
[debug] [35m[W3C (af9e0d14)][39m     at logger (C:\Users\mekan\Documents\GitHub\mobile-testing1\node_modules\appium\node_modules\morgan\index.js:144:5)
[debug] [35m[W3C (af9e0d14)][39m     at Layer.handle [as handle_request] (C:\Users\mekan\Documents\GitHub\mobile-testing1\node_modules\appium\node_modules\express\lib\router\layer.js:95:5)
[debug] [35m[W3C (af9e0d14)][39m     at trim_prefix (C:\Users\mekan\Documents\GitHub\mobile-testing1\node_modules\appium\node_modules\express\lib\router\index.js:317:13)
[debug] [35m[W3C (af9e0d14)][39m     at C:\Users\mekan\Documents\GitHub\mobile-testing1\node_modules\appium\node_modules\express\lib\router\index.js:284:7
[debug] [35m[W3C (af9e0d14)][39m     at Function.process_params (C:\Users\mekan\Documents\GitHub\mobile-testing1\node_modules\appium\node_modules\express\lib\router\index.js:335:12)
[35m[HTTP][39m [37m<-- GET /session/af9e0d14-e2a5-4157-9f85-ebc75472fe43/screenshot [39m[33m404[39m [90m6 ms - 2604[39m
[35m[HTTP][39m [90m[39m
[35m[HTTP][39m [37m-->[39m [37mGET[39m [37m/session/af9e0d14-e2a5-4157-9f85-ebc75472fe43/screenshot[39m
[35m[HTTP][39m [90m{}[39m
[debug] [35m[W3C (af9e0d14)][39m Encountered internal error running command: NoSuchDriverError: A session is either terminated or not started
[debug] [35m[W3C (af9e0d14)][39m     at asyncHandler (C:\Users\mekan\Documents\GitHub\mobile-testing1\node_modules\appium\node_modules\appium-base-driver\lib\protocol\protocol.js:243:15)
[debug] [35m[W3C (af9e0d14)][39m     at C:\Users\mekan\Documents\GitHub\mobile-testing1\node_modules\appium\node_modules\appium-base-driver\lib\protocol\protocol.js:423:15
[debug] [35m[W3C (af9e0d14)][39m     at Layer.handle [as handle_request] (C:\Users\mekan\Documents\GitHub\mobile-testing1\node_modules\appium\node_modules\express\lib\router\layer.js:95:5)
[debug] [35m[W3C (af9e0d14)][39m     at next (C:\Users\mekan\Documents\GitHub\mobile-testing1\node_modules\appium\node_modules\express\lib\router\route.js:137:13)
[debug] [35m[W3C (af9e0d14)][39m     at Route.dispatch (C:\Users\mekan\Documents\GitHub\mobile-testing1\node_modules\appium\node_modules\express\lib\router\route.js:112:3)
[debug] [35m[W3C (af9e0d14)][39m     at Layer.handle [as handle_request] (C:\Users\mekan\Documents\GitHub\mobile-testing1\node_modules\appium\node_modules\express\lib\router\layer.js:95:5)
[debug] [35m[W3C (af9e0d14)][39m     at C:\Users\mekan\Documents\GitHub\mobile-testing1\node_modules\appium\node_modules\express\lib\router\index.js:281:22
[debug] [35m[W3C (af9e0d14)][39m     at param (C:\Users\mekan\Documents\GitHub\mobile-testing1\node_modules\appium\node_modules\express\lib\router\index.js:354:14)
[debug] [35m[W3C (af9e0d14)][39m     at param (C:\Users\mekan\Documents\GitHub\mobile-testing1\node_modules\appium\node_modules\express\lib\router\index.js:365:14)
[debug] [35m[W3C (af9e0d14)][39m     at Function.process_params (C:\Users\mekan\Documents\GitHub\mobile-testing1\node_modules\appium\node_modules\express\lib\router\index.js:410:3)
[debug] [35m[W3C (af9e0d14)][39m     at next (C:\Users\mekan\Documents\GitHub\mobile-testing1\node_modules\appium\node_modules\express\lib\router\index.js:275:10)
[debug] [35m[W3C (af9e0d14)][39m     at logger (C:\Users\mekan\Documents\GitHub\mobile-testing1\node_modules\appium\node_modules\morgan\index.js:144:5)
[debug] [35m[W3C (af9e0d14)][39m     at Layer.handle [as handle_request] (C:\Users\mekan\Documents\GitHub\mobile-testing1\node_modules\appium\node_modules\express\lib\router\layer.js:95:5)
[debug] [35m[W3C (af9e0d14)][39m     at trim_prefix (C:\Users\mekan\Documents\GitHub\mobile-testing1\node_modules\appium\node_modules\express\lib\router\index.js:317:13)
[debug] [35m[W3C (af9e0d14)][39m     at C:\Users\mekan\Documents\GitHub\mobile-testing1\node_modules\appium\node_modules\express\lib\router\index.js:284:7
[debug] [35m[W3C (af9e0d14)][39m     at Function.process_params (C:\Users\mekan\Documents\GitHub\mobile-testing1\node_modules\appium\node_modules\express\lib\router\index.js:335:12)
[35m[HTTP][39m [37m<-- GET /session/af9e0d14-e2a5-4157-9f85-ebc75472fe43/screenshot [39m[33m404[39m [90m4 ms - 2604[39m
[35m[HTTP][39m [90m[39m
[debug] [35m[WD Proxy][39m Got response with status 200: {"sessionId":"409377ba-23ee-4f82-ba0d-dfdb412ea966","value":null}
[debug] [35m[ADB][39m Running 'c:\Users\mekan\AppData\Local\Android\Sdk\platform-tools\adb.exe -P 5037 -s emulator-5554 shell am force-stop com.wdiodemoapp'
[35m[HTTP][39m [37m<-- DELETE /session/af9e0d14-e2a5-4157-9f85-ebc75472fe43 [39m[32m-[39m [90m- ms - -[39m
[35m[HTTP][39m [90m[39m
[35m[HTTP][39m [37m<-- GET /session/af9e0d14-e2a5-4157-9f85-ebc75472fe43/screenshot [39m[32m-[39m [90m- ms - -[39m
[35m[HTTP][39m [90m[39m
[35m[HTTP][39m [37m<-- GET /session/af9e0d14-e2a5-4157-9f85-ebc75472fe43/screenshot [39m[32m-[39m [90m- ms - -[39m
[35m[HTTP][39m [90m[39m
